Microsoft (R) Macro Assembler Version 14.15.26730.0	    09/27/18 15:25:05
somestuff.asm						     Page 1 - 1


				.386
				.model flat, stdcall
				.stack 4096
				ExitProcess proto, dwExitCode:dword
 00000000			.data
 00000000 53 4D 41 52 54	intarray BYTE 'S','M','A','R','T','E','S','T'
	   45 53 54
 00000000			.code
 00000000			main PROC
 00000000  50			Push eax
 00000001  53				Push ebx
 00000002  58				Pop eax
 00000003  5B				Pop ebx

					invoke ExitProcess, 0
 00000004  6A 00	   *	    push   +000000000h
 00000006  E8 00000000 E   *	    call   ExitProcess
 0000000B			main ENDP
				END main
Microsoft (R) Macro Assembler Version 14.15.26730.0	    09/27/18 15:25:05
somestuff.asm						     Symbols 2 - 1




Segments and Groups:

                N a m e                 Size     Length   Align   Combine Class

FLAT . . . . . . . . . . . . . .	GROUP
STACK  . . . . . . . . . . . . .	32 Bit	 00001000 DWord	  Stack	  'STACK'	 
_DATA  . . . . . . . . . . . . .	32 Bit	 00000008 DWord	  Public  'DATA'	
_TEXT  . . . . . . . . . . . . .	32 Bit	 0000000B DWord	  Public  'CODE'	


Procedures, parameters, and locals:

                N a m e                 Type     Value    Attr

ExitProcess  . . . . . . . . . .	P Near	 00000000 FLAT	Length= 00000000 External STDCALL
main . . . . . . . . . . . . . .	P Near	 00000000 _TEXT	Length= 0000000B Public STDCALL


Symbols:

                N a m e                 Type     Value    Attr

@CodeSize  . . . . . . . . . . .	Number	 00000000h   
@DataSize  . . . . . . . . . . .	Number	 00000000h   
@Interface . . . . . . . . . . .	Number	 00000003h   
@Model . . . . . . . . . . . . .	Number	 00000007h   
@code  . . . . . . . . . . . . .	Text   	 _TEXT
@data  . . . . . . . . . . . . .	Text   	 FLAT
@fardata?  . . . . . . . . . . .	Text   	 FLAT
@fardata . . . . . . . . . . . .	Text   	 FLAT
@stack . . . . . . . . . . . . .	Text   	 FLAT
intarray . . . . . . . . . . . .	Byte	 00000000 _DATA	

	   0 Warnings
	   0 Errors
