This is pdfTeX, Version 3.14159265-2.6-1.40.18 (TeX Live 2017/MacPorts 2017_3) (preloaded format=pdflatex 2018.5.11)  12 APR 2019 08:17
entering extended mode
 \write18 enabled.
 %&-line parsing enabled.
**buildNewSystem.tex
(./buildNewSystem.tex
LaTeX2e <2017-04-15>
Babel <3.10> and hyphenation patterns for 3 language(s) loaded.
(/opt/local/share/texmf-texlive/tex/latex/base/article.cls
Document Class: article 2014/09/29 v1.4h Standard LaTeX document class
(/opt/local/share/texmf-texlive/tex/latex/base/size12.clo
File: size12.clo 2014/09/29 v1.4h Standard LaTeX file (size option)
)
\c@part=\count79
\c@section=\count80
\c@subsection=\count81
\c@subsubsection=\count82
\c@paragraph=\count83
\c@subparagraph=\count84
\c@figure=\count85
\c@table=\count86
\abovecaptionskip=\skip41
\belowcaptionskip=\skip42
\bibindent=\dimen102
) (./defaultPream.tex) (/opt/local/share/texmf-texlive/tex/latex/hyperref/hyper
ref.sty
Package: hyperref 2017/03/14 v6.85a Hypertext links for LaTeX

(/opt/local/share/texmf-texlive/tex/generic/oberdiek/hobsub-hyperref.sty
Package: hobsub-hyperref 2016/05/16 v1.14 Bundle oberdiek, subset hyperref (HO)


(/opt/local/share/texmf-texlive/tex/generic/oberdiek/hobsub-generic.sty
Package: hobsub-generic 2016/05/16 v1.14 Bundle oberdiek, subset generic (HO)
Package: hobsub 2016/05/16 v1.14 Construct package bundles (HO)
Package: infwarerr 2016/05/16 v1.4 Providing info/warning/error messages (HO)
Package: ltxcmds 2016/05/16 v1.23 LaTeX kernel commands for general use (HO)
Package: ifluatex 2016/05/16 v1.4 Provides the ifluatex switch (HO)
Package ifluatex Info: LuaTeX not detected.
Package: ifvtex 2016/05/16 v1.6 Detect VTeX and its facilities (HO)
Package ifvtex Info: VTeX not detected.
Package: intcalc 2016/05/16 v1.2 Expandable calculations with integers (HO)
Package: ifpdf 2017/03/15 v3.2 Provides the ifpdf switch
Package: etexcmds 2016/05/16 v1.6 Avoid name clashes with e-TeX commands (HO)
Package etexcmds Info: Could not find \expanded.
(etexcmds)             That can mean that you are not using pdfTeX 1.50 or
(etexcmds)             that some package has redefined \expanded.
(etexcmds)             In the latter case, load this package earlier.
Package: kvsetkeys 2016/05/16 v1.17 Key value parser (HO)
Package: kvdefinekeys 2016/05/16 v1.4 Define keys (HO)
Package: pdftexcmds 2017/03/19 v0.25 Utility functions of pdfTeX for LuaTeX (HO
)
Package pdftexcmds Info: LuaTeX not detected.
Package pdftexcmds Info: \pdf@primitive is available.
Package pdftexcmds Info: \pdf@ifprimitive is available.
Package pdftexcmds Info: \pdfdraftmode found.
Package: pdfescape 2016/05/16 v1.14 Implements pdfTeX's escape features (HO)
Package: bigintcalc 2016/05/16 v1.4 Expandable calculations on big integers (HO
)
Package: bitset 2016/05/16 v1.2 Handle bit-vector datatype (HO)
Package: uniquecounter 2016/05/16 v1.3 Provide unlimited unique counter (HO)
)
Package hobsub Info: Skipping package `hobsub' (already loaded).
Package: letltxmacro 2016/05/16 v1.5 Let assignment for LaTeX macros (HO)
Package: hopatch 2016/05/16 v1.3 Wrapper for package hooks (HO)
Package: xcolor-patch 2016/05/16 xcolor patch
Package: atveryend 2016/05/16 v1.9 Hooks at the very end of document (HO)
Package atveryend Info: \enddocument detected (standard20110627).
Package: atbegshi 2016/06/09 v1.18 At begin shipout hook (HO)
Package: refcount 2016/05/16 v3.5 Data extraction from label references (HO)
Package: hycolor 2016/05/16 v1.8 Color options for hyperref/bookmark (HO)
)
(/opt/local/share/texmf-texlive/tex/latex/graphics/keyval.sty
Package: keyval 2014/10/28 v1.15 key=value parser (DPC)
\KV@toks@=\toks14
)
(/opt/local/share/texmf-texlive/tex/generic/ifxetex/ifxetex.sty
Package: ifxetex 2010/09/12 v0.6 Provides ifxetex conditional
)
(/opt/local/share/texmf-texlive/tex/latex/oberdiek/auxhook.sty
Package: auxhook 2016/05/16 v1.4 Hooks for auxiliary files (HO)
)
(/opt/local/share/texmf-texlive/tex/latex/oberdiek/kvoptions.sty
Package: kvoptions 2016/05/16 v3.12 Key value format for package options (HO)
)
\@linkdim=\dimen103
\Hy@linkcounter=\count87
\Hy@pagecounter=\count88

(/opt/local/share/texmf-texlive/tex/latex/hyperref/pd1enc.def
File: pd1enc.def 2017/03/14 v6.85a Hyperref: PDFDocEncoding definition (HO)
)
\Hy@SavedSpaceFactor=\count89

(/opt/local/share/texmf-texlive/tex/latex/latexconfig/hyperref.cfg
File: hyperref.cfg 2002/06/06 v1.2 hyperref configuration of TeXLive
)
Package hyperref Info: Hyper figures OFF on input line 4498.
Package hyperref Info: Link nesting OFF on input line 4503.
Package hyperref Info: Hyper index ON on input line 4506.
Package hyperref Info: Plain pages OFF on input line 4513.
Package hyperref Info: Backreferencing OFF on input line 4518.
Package hyperref Info: Implicit mode ON; LaTeX internals redefined.
Package hyperref Info: Bookmarks ON on input line 4751.
\c@Hy@tempcnt=\count90

(/opt/local/share/texmf-texlive/tex/latex/url/url.sty
\Urlmuskip=\muskip10
Package: url 2013/09/16  ver 3.4  Verb mode for urls, etc.
)
LaTeX Info: Redefining \url on input line 5104.
\XeTeXLinkMargin=\dimen104
\Fld@menulength=\count91
\Field@Width=\dimen105
\Fld@charsize=\dimen106
Package hyperref Info: Hyper figures OFF on input line 6358.
Package hyperref Info: Link nesting OFF on input line 6363.
Package hyperref Info: Hyper index ON on input line 6366.
Package hyperref Info: backreferencing OFF on input line 6373.
Package hyperref Info: Link coloring OFF on input line 6378.
Package hyperref Info: Link coloring with OCG OFF on input line 6383.
Package hyperref Info: PDF/A mode OFF on input line 6388.
LaTeX Info: Redefining \ref on input line 6428.
LaTeX Info: Redefining \pageref on input line 6432.
\Hy@abspage=\count92
\c@Item=\count93
\c@Hfootnote=\count94
)

Package hyperref Message: Driver (autodetected): hpdftex.

(/opt/local/share/texmf-texlive/tex/latex/hyperref/hpdftex.def
File: hpdftex.def 2017/03/14 v6.85a Hyperref driver for pdfTeX
\Fld@listcount=\count95
\c@bookmark@seq@number=\count96

(/opt/local/share/texmf-texlive/tex/latex/oberdiek/rerunfilecheck.sty
Package: rerunfilecheck 2016/05/16 v1.8 Rerun checks for auxiliary files (HO)
Package uniquecounter Info: New unique counter `rerunfilecheck' on input line 2
82.
)
\Hy@SectionHShift=\skip43
)
(/opt/local/share/texmf-texlive/tex/latex/tcolorbox/tcolorbox.sty
Package: tcolorbox 2017/04/25 version 4.03 text color boxes

(/opt/local/share/texmf/tex/latex/pgf/basiclayer/pgf.sty
(/opt/local/share/texmf/tex/latex/pgf/utilities/pgfrcs.sty
(/opt/local/share/texmf/tex/generic/pgf/utilities/pgfutil-common.tex
\pgfutil@everybye=\toks15
\pgfutil@tempdima=\dimen107
\pgfutil@tempdimb=\dimen108

(/opt/local/share/texmf/tex/generic/pgf/utilities/pgfutil-common-lists.tex))
(/opt/local/share/texmf/tex/generic/pgf/utilities/pgfutil-latex.def
\pgfutil@abb=\box26

(/opt/local/share/texmf-texlive/tex/latex/ms/everyshi.sty
Package: everyshi 2001/05/15 v3.00 EveryShipout Package (MS)
))
(/opt/local/share/texmf/tex/generic/pgf/utilities/pgfrcs.code.tex
Package: pgfrcs 2015/08/07 v3.0.1 (rcs-revision 1.31)
))
Package: pgf 2015/08/07 v3.0.1 (rcs-revision 1.15)

(/opt/local/share/texmf/tex/latex/pgf/basiclayer/pgfcore.sty
(/opt/local/share/texmf-texlive/tex/latex/graphics/graphicx.sty
Package: graphicx 2014/10/28 v1.0g Enhanced LaTeX Graphics (DPC,SPQR)

(/opt/local/share/texmf-texlive/tex/latex/graphics/graphics.sty
Package: graphics 2017/04/14 v1.1b Standard LaTeX Graphics (DPC,SPQR)

(/opt/local/share/texmf-texlive/tex/latex/graphics/trig.sty
Package: trig 2016/01/03 v1.10 sin cos tan (DPC)
)
(/opt/local/share/texmf-texlive/tex/latex/graphics-cfg/graphics.cfg
File: graphics.cfg 2016/06/04 v1.11 sample graphics configuration
)
Package graphics Info: Driver file: pdftex.def on input line 99.

(/opt/local/share/texmf-texlive/tex/latex/graphics-def/pdftex.def
File: pdftex.def 2017/01/12 v0.06k Graphics/color for pdfTeX
\Gread@gobject=\count97
))
\Gin@req@height=\dimen109
\Gin@req@width=\dimen110
)
(/opt/local/share/texmf/tex/latex/pgf/systemlayer/pgfsys.sty
(/opt/local/share/texmf/tex/generic/pgf/systemlayer/pgfsys.code.tex
Package: pgfsys 2014/07/09 v3.0.1 (rcs-revision 1.48)

(/opt/local/share/texmf/tex/generic/pgf/utilities/pgfkeys.code.tex
\pgfkeys@pathtoks=\toks16
\pgfkeys@temptoks=\toks17

(/opt/local/share/texmf/tex/generic/pgf/utilities/pgfkeysfiltered.code.tex
\pgfkeys@tmptoks=\toks18
))
\pgf@x=\dimen111
\pgf@y=\dimen112
\pgf@xa=\dimen113
\pgf@ya=\dimen114
\pgf@xb=\dimen115
\pgf@yb=\dimen116
\pgf@xc=\dimen117
\pgf@yc=\dimen118
\w@pgf@writea=\write3
\r@pgf@reada=\read1
\c@pgf@counta=\count98
\c@pgf@countb=\count99
\c@pgf@countc=\count100
\c@pgf@countd=\count101
\t@pgf@toka=\toks19
\t@pgf@tokb=\toks20
\t@pgf@tokc=\toks21

(/opt/local/share/texmf/tex/generic/pgf/systemlayer/pgf.cfg
File: pgf.cfg 2008/05/14  (rcs-revision 1.7)
)
Driver file for pgf: pgfsys-pdftex.def

(/opt/local/share/texmf/tex/generic/pgf/systemlayer/pgfsys-pdftex.def
File: pgfsys-pdftex.def 2014/10/11  (rcs-revision 1.35)

(/opt/local/share/texmf/tex/generic/pgf/systemlayer/pgfsys-common-pdf.def
File: pgfsys-common-pdf.def 2013/10/10  (rcs-revision 1.13)
)))
(/opt/local/share/texmf/tex/generic/pgf/systemlayer/pgfsyssoftpath.code.tex
File: pgfsyssoftpath.code.tex 2013/09/09  (rcs-revision 1.9)
\pgfsyssoftpath@smallbuffer@items=\count102
\pgfsyssoftpath@bigbuffer@items=\count103
)
(/opt/local/share/texmf/tex/generic/pgf/systemlayer/pgfsysprotocol.code.tex
File: pgfsysprotocol.code.tex 2006/10/16  (rcs-revision 1.4)
))
(/opt/local/share/texmf-texlive/tex/latex/xcolor/xcolor.sty
Package: xcolor 2016/05/11 v2.12 LaTeX color extensions (UK)

(/opt/local/share/texmf-texlive/tex/latex/graphics-cfg/color.cfg
File: color.cfg 2016/01/02 v1.6 sample color configuration
)
Package xcolor Info: Driver file: pdftex.def on input line 225.
Package xcolor Info: Model `cmy' substituted by `cmy0' on input line 1348.
Package xcolor Info: Model `hsb' substituted by `rgb' on input line 1352.
Package xcolor Info: Model `RGB' extended on input line 1364.
Package xcolor Info: Model `HTML' substituted by `rgb' on input line 1366.
Package xcolor Info: Model `Hsb' substituted by `hsb' on input line 1367.
Package xcolor Info: Model `tHsb' substituted by `hsb' on input line 1368.
Package xcolor Info: Model `HSB' substituted by `hsb' on input line 1369.
Package xcolor Info: Model `Gray' substituted by `gray' on input line 1370.
Package xcolor Info: Model `wave' substituted by `hsb' on input line 1371.
)
(/opt/local/share/texmf/tex/generic/pgf/basiclayer/pgfcore.code.tex
Package: pgfcore 2010/04/11 v3.0.1 (rcs-revision 1.7)

(/opt/local/share/texmf/tex/generic/pgf/math/pgfmath.code.tex
(/opt/local/share/texmf/tex/generic/pgf/math/pgfmathcalc.code.tex
(/opt/local/share/texmf/tex/generic/pgf/math/pgfmathutil.code.tex)
(/opt/local/share/texmf/tex/generic/pgf/math/pgfmathparser.code.tex
\pgfmath@dimen=\dimen119
\pgfmath@count=\count104
\pgfmath@box=\box27
\pgfmath@toks=\toks22
\pgfmath@stack@operand=\toks23
\pgfmath@stack@operation=\toks24
)
(/opt/local/share/texmf/tex/generic/pgf/math/pgfmathfunctions.code.tex
(/opt/local/share/texmf/tex/generic/pgf/math/pgfmathfunctions.basic.code.tex)
(/opt/local/share/texmf/tex/generic/pgf/math/pgfmathfunctions.trigonometric.cod
e.tex)
(/opt/local/share/texmf/tex/generic/pgf/math/pgfmathfunctions.random.code.tex)
(/opt/local/share/texmf/tex/generic/pgf/math/pgfmathfunctions.comparison.code.t
ex) (/opt/local/share/texmf/tex/generic/pgf/math/pgfmathfunctions.base.code.tex
) (/opt/local/share/texmf/tex/generic/pgf/math/pgfmathfunctions.round.code.tex)
(/opt/local/share/texmf/tex/generic/pgf/math/pgfmathfunctions.misc.code.tex)
(/opt/local/share/texmf/tex/generic/pgf/math/pgfmathfunctions.integerarithmetic
s.code.tex)))
(/opt/local/share/texmf/tex/generic/pgf/math/pgfmathfloat.code.tex
\c@pgfmathroundto@lastzeros=\count105
))
(/opt/local/share/texmf/tex/generic/pgf/basiclayer/pgfcorepoints.code.tex
File: pgfcorepoints.code.tex 2013/10/07  (rcs-revision 1.27)
\pgf@picminx=\dimen120
\pgf@picmaxx=\dimen121
\pgf@picminy=\dimen122
\pgf@picmaxy=\dimen123
\pgf@pathminx=\dimen124
\pgf@pathmaxx=\dimen125
\pgf@pathminy=\dimen126
\pgf@pathmaxy=\dimen127
\pgf@xx=\dimen128
\pgf@xy=\dimen129
\pgf@yx=\dimen130
\pgf@yy=\dimen131
\pgf@zx=\dimen132
\pgf@zy=\dimen133
)
(/opt/local/share/texmf/tex/generic/pgf/basiclayer/pgfcorepathconstruct.code.te
x
File: pgfcorepathconstruct.code.tex 2013/10/07  (rcs-revision 1.29)
\pgf@path@lastx=\dimen134
\pgf@path@lasty=\dimen135
) (/opt/local/share/texmf/tex/generic/pgf/basiclayer/pgfcorepathusage.code.tex
File: pgfcorepathusage.code.tex 2014/11/02  (rcs-revision 1.24)
\pgf@shorten@end@additional=\dimen136
\pgf@shorten@start@additional=\dimen137
) (/opt/local/share/texmf/tex/generic/pgf/basiclayer/pgfcorescopes.code.tex
File: pgfcorescopes.code.tex 2015/05/08  (rcs-revision 1.46)
\pgfpic=\box28
\pgf@hbox=\box29
\pgf@layerbox@main=\box30
\pgf@picture@serial@count=\count106
)
(/opt/local/share/texmf/tex/generic/pgf/basiclayer/pgfcoregraphicstate.code.tex
File: pgfcoregraphicstate.code.tex 2014/11/02  (rcs-revision 1.12)
\pgflinewidth=\dimen138
)
(/opt/local/share/texmf/tex/generic/pgf/basiclayer/pgfcoretransformations.code.
tex
File: pgfcoretransformations.code.tex 2015/08/07  (rcs-revision 1.20)
\pgf@pt@x=\dimen139
\pgf@pt@y=\dimen140
\pgf@pt@temp=\dimen141
) (/opt/local/share/texmf/tex/generic/pgf/basiclayer/pgfcorequick.code.tex
File: pgfcorequick.code.tex 2008/10/09  (rcs-revision 1.3)
)
(/opt/local/share/texmf/tex/generic/pgf/basiclayer/pgfcoreobjects.code.tex
File: pgfcoreobjects.code.tex 2006/10/11  (rcs-revision 1.2)
)
(/opt/local/share/texmf/tex/generic/pgf/basiclayer/pgfcorepathprocessing.code.t
ex
File: pgfcorepathprocessing.code.tex 2013/09/09  (rcs-revision 1.9)
) (/opt/local/share/texmf/tex/generic/pgf/basiclayer/pgfcorearrows.code.tex
File: pgfcorearrows.code.tex 2015/05/14  (rcs-revision 1.43)
\pgfarrowsep=\dimen142
)
(/opt/local/share/texmf/tex/generic/pgf/basiclayer/pgfcoreshade.code.tex
File: pgfcoreshade.code.tex 2013/07/15  (rcs-revision 1.15)
\pgf@max=\dimen143
\pgf@sys@shading@range@num=\count107
)
(/opt/local/share/texmf/tex/generic/pgf/basiclayer/pgfcoreimage.code.tex
File: pgfcoreimage.code.tex 2013/07/15  (rcs-revision 1.18)

(/opt/local/share/texmf/tex/generic/pgf/basiclayer/pgfcoreexternal.code.tex
File: pgfcoreexternal.code.tex 2014/07/09  (rcs-revision 1.21)
\pgfexternal@startupbox=\box31
))
(/opt/local/share/texmf/tex/generic/pgf/basiclayer/pgfcorelayers.code.tex
File: pgfcorelayers.code.tex 2013/07/18  (rcs-revision 1.7)
)
(/opt/local/share/texmf/tex/generic/pgf/basiclayer/pgfcoretransparency.code.tex
File: pgfcoretransparency.code.tex 2013/09/30  (rcs-revision 1.5)
) (/opt/local/share/texmf/tex/generic/pgf/basiclayer/pgfcorepatterns.code.tex
File: pgfcorepatterns.code.tex 2013/11/07  (rcs-revision 1.5)
))) (/opt/local/share/texmf/tex/generic/pgf/modules/pgfmoduleshapes.code.tex
File: pgfmoduleshapes.code.tex 2014/03/21  (rcs-revision 1.35)
\pgfnodeparttextbox=\box32
)
(/opt/local/share/texmf/tex/generic/pgf/modules/pgfmoduleplot.code.tex
File: pgfmoduleplot.code.tex 2015/08/03  (rcs-revision 1.13)
)
(/opt/local/share/texmf/tex/latex/pgf/compatibility/pgfcomp-version-0-65.sty
Package: pgfcomp-version-0-65 2007/07/03 v3.0.1 (rcs-revision 1.7)
\pgf@nodesepstart=\dimen144
\pgf@nodesepend=\dimen145
)
(/opt/local/share/texmf/tex/latex/pgf/compatibility/pgfcomp-version-1-18.sty
Package: pgfcomp-version-1-18 2007/07/23 v3.0.1 (rcs-revision 1.1)
))
(/opt/local/share/texmf-texlive/tex/latex/tools/verbatim.sty
Package: verbatim 2014/10/28 v1.5q LaTeX2e package for verbatim enhancements
\every@verbatim=\toks25
\verbatim@line=\toks26
\verbatim@in@stream=\read2
)
(/opt/local/share/texmf-texlive/tex/latex/environ/environ.sty
Package: environ 2014/05/04 v0.3 A new way to define environments

(/opt/local/share/texmf-texlive/tex/latex/trimspaces/trimspaces.sty
Package: trimspaces 2009/09/17 v1.1 Trim spaces around a token list
)
\@envbody=\toks27
)
(/opt/local/share/texmf-texlive/tex/latex/etoolbox/etoolbox.sty
Package: etoolbox 2017/01/02 v2.4 e-TeX tools for LaTeX (JAW)
\etb@tempcnta=\count108
)
\tcb@titlebox=\box33
\tcb@upperbox=\box34
\tcb@lowerbox=\box35
\tcb@phantombox=\box36
\c@tcbbreakpart=\count109
\c@tcblayer=\count110
\tcolorbox@number=\count111
\tcb@temp=\box37
\tcb@temp=\box38
\tcb@temp=\box39
\tcb@temp=\box40
\tcb@out=\write4
\tcb@record@out=\write5
)
(/opt/local/share/texmf-texlive/tex/latex/minted/minted.sty
Package: minted 2016/10/31 v2.4.1 Yet another Pygments shim for LaTeX

(/opt/local/share/texmf-texlive/tex/latex/fvextra/fvextra.sty
Package: fvextra 2016/09/02 v1.2.1 fvextra - extensions and patches for fancyvr
b

(/opt/local/share/texmf-texlive/tex/latex/base/ifthen.sty
Package: ifthen 2014/09/29 v1.1c Standard LaTeX ifthen package (DPC)
)
(/opt/local/share/texmf-texlive/tex/latex/fancyvrb/fancyvrb.sty
Package: fancyvrb 2008/02/07

Style option: `fancyvrb' v2.7a, with DG/SPQR fixes, and firstline=lastline fix 
<2008/02/07> (tvz)
\FV@CodeLineNo=\count112
\FV@InFile=\read3
\FV@TabBox=\box41
\c@FancyVerbLine=\count113
\FV@StepNumber=\count114
\FV@OutFile=\write6
)
(/opt/local/share/texmf-texlive/tex/latex/upquote/upquote.sty
Package: upquote 2012/04/19 v1.3 upright-quote and grave-accent glyphs in verba
tim
)
(/opt/local/share/texmf-texlive/tex/latex/lineno/lineno.sty
Package: lineno 2005/11/02 line numbers on paragraphs v4.41
\linenopenalty=\count115
\output=\toks28
\linenoprevgraf=\count116
\linenumbersep=\dimen146
\linenumberwidth=\dimen147
\c@linenumber=\count117
\c@pagewiselinenumber=\count118
\c@LN@truepage=\count119
\c@internallinenumber=\count120
\c@internallinenumbers=\count121
\quotelinenumbersep=\dimen148
\bframerule=\dimen149
\bframesep=\dimen150
\bframebox=\box42
LaTeX Info: Redefining \\ on input line 3056.
)
\c@FV@TrueTabGroupLevel=\count122
\c@FV@TrueTabCounter=\count123
\FV@TabBox@Group=\box43
\FV@TmpLength=\skip44
\c@FV@HighlightLinesStart=\count124
\c@FV@HighlightLinesStop=\count125
\FV@BreakIndent=\dimen151
\FV@BreakSymbolSepLeft=\dimen152
\FV@BreakSymbolSepRight=\dimen153
\FV@BreakSymbolIndentLeft=\dimen154
\FV@BreakSymbolIndentRight=\dimen155
\c@FancyVerbLineBreakLast=\count126
\FV@LineBox=\box44
\FV@LineIndentBox=\box45
)
(/opt/local/share/texmf-texlive/tex/latex/float/float.sty
Package: float 2001/11/08 v1.3d Float enhancements (AL)
\c@float@type=\count127
\float@exts=\toks29
\float@box=\box46
\@float@everytoks=\toks30
\@floatcapt=\box47
)
(/opt/local/share/texmf-texlive/tex/latex/tools/calc.sty
Package: calc 2014/10/28 v4.3 Infix arithmetic (KKT,FJ)
\calc@Acount=\count128
\calc@Bcount=\count129
\calc@Adimen=\dimen156
\calc@Bdimen=\dimen157
\calc@Askip=\skip45
\calc@Bskip=\skip46
LaTeX Info: Redefining \setlength on input line 80.
LaTeX Info: Redefining \addtolength on input line 81.
\calc@Ccount=\count130
\calc@Cskip=\skip47
)
(/opt/local/share/texmf-texlive/tex/latex/tools/shellesc.sty
Package: shellesc 2016/06/07 v0.02a unified shell escape interface for LaTeX
Package shellesc Info: Unrestricted shell escape enabled on input line 67.
)
(/opt/local/share/texmf-texlive/tex/latex/ifplatform/ifplatform.sty
Package: ifplatform 2010/10/22 v0.4 Testing for the operating system

(/opt/local/share/texmf-texlive/tex/generic/oberdiek/catchfile.sty
Package: catchfile 2016/05/16 v1.7 Catch the contents of a file (HO)
)
runsystem(uname -s > "buildNewSystem.w18")...executed.


(./buildNewSystem.w18)
runsystem(rm -- "buildNewSystem.w18")...executed.

)
(/opt/local/share/texmf-texlive/tex/generic/xstring/xstring.sty
(/opt/local/share/texmf-texlive/tex/generic/xstring/xstring.tex
\@xs@message=\write7
\integerpart=\count131
\decimalpart=\count132
)
Package: xstring 2013/10/13  v1.7c  String manipulations (C Tellechea)
)
(/opt/local/share/texmf-texlive/tex/latex/framed/framed.sty
Package: framed 2011/10/22 v 0.96: framed or shaded text with page breaks
\OuterFrameSep=\skip48
\fb@frw=\dimen158
\fb@frh=\dimen159
\FrameRule=\dimen160
\FrameSep=\dimen161
)
\minted@appexistsfile=\read4
\minted@bgbox=\box48
\minted@code=\write8
\c@minted@FancyVerbLineTemp=\count133
\c@minted@pygmentizecounter=\count134
\@float@every@listing=\toks31
\c@listing=\count135
)
runsystem(mkdir -p _minted-buildNewSystem)...executed.


(/opt/local/share/texmf-texlive/tex/latex/geometry/geometry.sty
Package: geometry 2010/09/12 v5.6 Page Geometry
\Gm@cnth=\count136
\Gm@cntv=\count137
\c@Gm@tempcnt=\count138
\Gm@bindingoffset=\dimen162
\Gm@wd@mp=\dimen163
\Gm@odd@mp=\dimen164
\Gm@even@mp=\dimen165
\Gm@layoutwidth=\dimen166
\Gm@layoutheight=\dimen167
\Gm@layouthoffset=\dimen168
\Gm@layoutvoffset=\dimen169
\Gm@dimlist=\toks32
)
runsystem(which pygmentize && touch buildNewSystem.aex)...executed.

runsystem(rm buildNewSystem.aex)...executed.


(./buildNewSystem.aux)
\openout1 = `buildNewSystem.aux'.

LaTeX Font Info:    Checking defaults for OML/cmm/m/it on input line 9.
LaTeX Font Info:    ... okay on input line 9.
LaTeX Font Info:    Checking defaults for T1/cmr/m/n on input line 9.
LaTeX Font Info:    ... okay on input line 9.
LaTeX Font Info:    Checking defaults for OT1/cmr/m/n on input line 9.
LaTeX Font Info:    ... okay on input line 9.
LaTeX Font Info:    Checking defaults for OMS/cmsy/m/n on input line 9.
LaTeX Font Info:    ... okay on input line 9.
LaTeX Font Info:    Checking defaults for OMX/cmex/m/n on input line 9.
LaTeX Font Info:    ... okay on input line 9.
LaTeX Font Info:    Checking defaults for U/cmr/m/n on input line 9.
LaTeX Font Info:    ... okay on input line 9.
LaTeX Font Info:    Checking defaults for PD1/pdf/m/n on input line 9.
LaTeX Font Info:    ... okay on input line 9.
\AtBeginShipoutBox=\box49
Package hyperref Info: Link coloring OFF on input line 9.

(/opt/local/share/texmf-texlive/tex/latex/hyperref/nameref.sty
Package: nameref 2016/05/21 v2.44 Cross-referencing by name of section

(/opt/local/share/texmf-texlive/tex/generic/oberdiek/gettitlestring.sty
Package: gettitlestring 2016/05/16 v1.5 Cleanup title references (HO)
)
\c@section@level=\count139
)
LaTeX Info: Redefining \ref on input line 9.
LaTeX Info: Redefining \pageref on input line 9.
LaTeX Info: Redefining \nameref on input line 9.

(./buildNewSystem.out) (./buildNewSystem.out)
\@outlinefile=\write9
\openout9 = `buildNewSystem.out'.


ABD: EveryShipout initializing macros
(/opt/local/share/texmf-texlive/tex/context/base/mkii/supp-pdf.mkii
[Loading MPS to PDF converter (version 2006.09.02).]
\scratchcounter=\count140
\scratchdimen=\dimen170
\scratchbox=\box50
\nofMPsegments=\count141
\nofMParguments=\count142
\everyMPshowfont=\toks33
\MPscratchCnt=\count143
\MPscratchDim=\dimen171
\MPnumerator=\count144
\makeMPintoPDFobject=\count145
\everyMPtoPDFconversion=\toks34
) (/opt/local/share/texmf-texlive/tex/latex/oberdiek/epstopdf-base.sty
Package: epstopdf-base 2016/05/15 v2.6 Base part for package epstopdf

(/opt/local/share/texmf-texlive/tex/latex/oberdiek/grfext.sty
Package: grfext 2016/05/16 v1.2 Manage graphics extensions (HO)
)
Package epstopdf-base Info: Redefining graphics rule for `.eps' on input line 4
38.
Package grfext Info: Graphics extension search list:
(grfext)             [.png,.pdf,.jpg,.mps,.jpeg,.jbig2,.jb2,.PNG,.PDF,.JPG,.JPE
G,.JBIG2,.JB2,.eps]
(grfext)             \AppendGraphicsExtensions on input line 456.

(/opt/local/share/texmf-texlive/tex/latex/latexconfig/epstopdf-sys.cfg
File: epstopdf-sys.cfg 2010/07/13 v1.3 Configuration of (r)epstopdf for TeX Liv
e
))
*geometry* driver: auto-detecting
*geometry* detected driver: pdftex
*geometry* verbose mode - [ preamble ] result:
* driver: pdftex
* paper: <default>
* layout: <same size as paper>
* layoutoffset:(h,v)=(0.0pt,0.0pt)
* modes: 
* h-part:(L,W,R)=(42.63902pt, 529.01695pt, 42.63902pt)
* v-part:(T,H,B)=(42.63902pt, 709.69194pt, 42.63902pt)
* \paperwidth=614.295pt
* \paperheight=794.96999pt
* \textwidth=529.01695pt
* \textheight=709.69194pt
* \oddsidemargin=-29.63097pt
* \evensidemargin=-29.63097pt
* \topmargin=-66.63097pt
* \headheight=12.0pt
* \headsep=25.0pt
* \topskip=12.0pt
* \footskip=30.0pt
* \marginparwidth=44.0pt
* \marginparsep=10.0pt
* \columnsep=10.0pt
* \skip\footins=10.8pt plus 4.0pt minus 2.0pt
* \hoffset=0.0pt
* \voffset=0.0pt
* \mag=1000
* \@twocolumnfalse
* \@twosidefalse
* \@mparswitchfalse
* \@reversemarginfalse
* (1in=72.27pt=25.4mm, 1cm=28.453pt)

LaTeX Font Info:    External font `cmex10' loaded for size
(Font)              <14.4> on input line 20.
LaTeX Font Info:    External font `cmex10' loaded for size
(Font)              <7> on input line 20.

LaTeX Warning: No \author given.

<mts.JPG, id=55, 3276.24pt x 2457.18pt>
File: mts.JPG Graphic file (type jpg)
 <use mts.JPG>
Package pdftex.def Info: mts.JPG used on input line 22.
(pdftex.def)             Requested size: 476.11201pt x 357.0506pt.
 [1

{/opt/local/var/db/texmf/fonts/map/pdftex/updmap/pdftex.map} <./mts.JPG>] (./bu
ildNewSystem.toc
LaTeX Font Info:    External font `cmex10' loaded for size
(Font)              <12> on input line 7.
LaTeX Font Info:    External font `cmex10' loaded for size
(Font)              <8> on input line 7.
LaTeX Font Info:    External font `cmex10' loaded for size
(Font)              <6> on input line 7.
)
\tf@toc=\write10
\openout10 = `buildNewSystem.toc'.


[2]
Overfull \hbox (40.11731pt too wide) in paragraph at lines 81--86
\OT1/cmr/m/n/12 left with DATE and SCRIBE pre-in-stalled and ready to go! It's 
at \OT1/cmtt/m/n/12 /nas1/cmsgem/software/srs[]centos7[]2.vdi\OT1/cmr/m/n/12 .
 []

LaTeX Font Info:    Try loading font information for OMS+cmr on input line 92.
(/opt/local/share/texmf-texlive/tex/latex/base/omscmr.fd
File: omscmr.fd 2014/09/29 v2.5h Standard LaTeX font definitions
)
LaTeX Font Info:    Font shape `OMS/cmr/m/n' in size <12> not available
(Font)              Font shape `OMS/cmsy/m/n' tried instead on input line 92.
 [3]
\openout6 = `buildNewSystem.pyg'.


(./_minted-buildNewSystem/default-pyg-prefix.pygstyle)
(./_minted-buildNewSystem/default.pygstyle)
(./_minted-buildNewSystem/7C89B44E0E01754457DE5B623BB30134BEB612FF971AEF188454F
BCDF715489A.pygtex)
\openout6 = `buildNewSystem.pyg'.


(./_minted-buildNewSystem/44ABB73201ECA35968BDE85C3E36689FBEB612FF971AEF188454F
BCDF715489A.pygtex)
\openout6 = `buildNewSystem.pyg'.


(./_minted-buildNewSystem/C500321D7339E065795C031D8FC66474BEB612FF971AEF188454F
BCDF715489A.pygtex
LaTeX Font Info:    Font shape `OT1/cmtt/bx/n' in size <12> not available
(Font)              Font shape `OT1/cmtt/m/n' tried instead on input line 2.
)
\openout6 = `buildNewSystem.pyg'.


(./_minted-buildNewSystem/3E2F13EA9C7BCA8411C1EF7F119A141EBEB612FF971AEF188454F
BCDF715489A.pygtex)
\openout6 = `buildNewSystem.pyg'.


(./_minted-buildNewSystem/01BFB5562BF16B3640F87B9D26ACDC59BEB612FF971AEF188454F
BCDF715489A.pygtex)
\openout6 = `buildNewSystem.pyg'.


(./_minted-buildNewSystem/CABAF817793B1DA365DCA3C72D9D646DBEB612FF971AEF188454F
BCDF715489A.pygtex)
\openout6 = `buildNewSystem.pyg'.


(./_minted-buildNewSystem/5D91EE2A1C7C6FCB8492F9F5323DC065BEB612FF971AEF188454F
BCDF715489A.pygtex)
\openout6 = `buildNewSystem.pyg'.


(./_minted-buildNewSystem/5E2B3A58D8E44BD53E9524CA256685C4BEB612FF971AEF188454F
BCDF715489A.pygtex) [4]
Underfull \hbox (badness 10000) in paragraph at lines 222--251

 []

[5]
Overfull \hbox (3.04362pt too wide) in paragraph at lines 257--261
[]$\OT1/cmtt/m/n/12 https : / / alice-[]daq . web . cern . ch / products / date
-[]installation-[]and-[]configuration$[] \OT1/cmr/m/n/12 were fol-lowed. 
 []

\openout6 = `buildNewSystem.pyg'.


(./_minted-buildNewSystem/F26C8F3EF441ABFF19763899D2675E30BEB612FF971AEF188454F
BCDF715489A.pygtex)
\openout6 = `buildNewSystem.pyg'.


(./_minted-buildNewSystem/BC9CFB56C175A900B96B9512CB103E94BEB612FF971AEF188454F
BCDF715489A.pygtex [6])
\openout6 = `buildNewSystem.pyg'.


(./_minted-buildNewSystem/1C988AC75FC132F917119DCCA5A9ECAFBEB612FF971AEF188454F
BCDF715489A.pygtex)
\openout6 = `buildNewSystem.pyg'.


(./_minted-buildNewSystem/9B29B7151BE0B339C86F0326C01B8EECBEB612FF971AEF188454F
BCDF715489A.pygtex)
Overfull \hbox (31.36198pt too wide) in paragraph at lines 335--341
\OT1/cmtt/m/n/12 questions / 24756240 / how-[]can-[]i-[]use-[]iptables-[]on-[]c
entos-[]7$[]\OT1/cmr/m/n/12 , de-scribe how to switch back from \OT1/cmtt/m/n/1
2 firewalld
 []

\openout6 = `buildNewSystem.pyg'.


(./_minted-buildNewSystem/18EED5664BE29C9F515ED9D9A9D2D409BEB612FF971AEF188454F
BCDF715489A.pygtex)
\openout6 = `buildNewSystem.pyg'.


(./_minted-buildNewSystem/783ED208F01A224A249D62CAC311041EBEB612FF971AEF188454F
BCDF715489A.pygtex)
\openout6 = `buildNewSystem.pyg'.


(./_minted-buildNewSystem/2D0EAAB2EC79C583EB3CC3F621E479B0BEB612FF971AEF188454F
BCDF715489A.pygtex)
\openout6 = `buildNewSystem.pyg'.


(./_minted-buildNewSystem/5674770A58A3F252243EFCDF5D28B4F5BEB612FF971AEF188454F
BCDF715489A.pygtex)
\openout6 = `buildNewSystem.pyg'.


(./_minted-buildNewSystem/C47A6D9432EB5F1FB9832F51464405B4BEB612FF971AEF188454F
BCDF715489A.pygtex)
Underfull \hbox (badness 10000) in paragraph at lines 382--387

 []


Underfull \hbox (badness 10000) in paragraph at lines 388--394

 []

[7]
\openout6 = `buildNewSystem.pyg'.


(./_minted-buildNewSystem/04F22ECD7EA5B79BA79EEEEC2E37E346BEB612FF971AEF188454F
BCDF715489A.pygtex)
\openout6 = `buildNewSystem.pyg'.


(./_minted-buildNewSystem/7184EE20189DEBA7F1A184B8A68EF263BEB612FF971AEF188454F
BCDF715489A.pygtex)
\openout6 = `buildNewSystem.pyg'.


(./_minted-buildNewSystem/AC2AFA7B1F8F2DB79FBCBA5D39B08B38BEB612FF971AEF188454F
BCDF715489A.pygtex) [8]
\openout6 = `buildNewSystem.pyg'.


(./_minted-buildNewSystem/34E0E8959921004D22990FDEBAFF2D54BEB612FF971AEF188454F
BCDF715489A.pygtex)
Overfull \hbox (6.78148pt too wide) in paragraph at lines 510--518
\OT1/cmr/m/n/12 in \OT1/cmtt/m/n/12 TClassTable\OT1/cmr/m/n/12 , it says \OT1/c
mtt/m/n/12 terminate called after throwing an instance of 'std::runtime[]error'
\OT1/cmr/m/n/12 ,
 []


Overfull \hbox (28.98245pt too wide) in paragraph at lines 536--543
[] \OT1/cmr/m/n/12 Af-ter re-in-stalling ROOT, we tried to run AMORE, and it fa
iled be-cause it couldn't find \OT1/cmtt/m/n/12 libCore.so.5.34\OT1/cmr/m/n/12 
.
 []

[9]
Overfull \hbox (13.45766pt too wide) in paragraph at lines 585--590
\OT1/cmtt/m/n/12 root-config --prefix=/etc/root\OT1/cmr/m/n/12 , I found the so
urce code, \OT1/cmtt/m/n/12 /usr/local/bin/root-config\OT1/cmr/m/n/12 , and cha
nged
 []

[10]
Package atveryend Info: Empty hook `BeforeClearDocument' on input line 612.
Package atveryend Info: Empty hook `AfterLastShipout' on input line 612.
 (./buildNewSystem.aux)
Package atveryend Info: Executing hook `AtVeryEndDocument' on input line 612.
Package atveryend Info: Executing hook `AtEndAfterFileList' on input line 612.
Package rerunfilecheck Info: File `buildNewSystem.out' has not changed.
(rerunfilecheck)             Checksum: 8A9668527D68D1A607738542D7DA859F;723.
runsystem(rm buildNewSystem.pyg)...executed.

Package atveryend Info: Empty hook `AtVeryVeryEnd' on input line 612.
 ) 
Here is how much of TeX's memory you used:
 17646 strings out of 494936
 342060 string characters out of 6180785
 447863 words of memory out of 5000000
 20585 multiletter control sequences out of 15000+600000
 8977 words of font info for 32 fonts, out of 8000000 for 9000
 14 hyphenation exceptions out of 8191
 54i,6n,73p,952b,525s stack positions out of 5000i,500n,10000p,200000b,80000s
</opt/local/share/texmf-texlive/fonts/type1/public/amsfonts/cm/cmbx12.pfb></o
pt/local/share/texmf-texlive/fonts/type1/public/amsfonts/cm/cmr12.pfb></opt/loc
al/share/texmf-texlive/fonts/type1/public/amsfonts/cm/cmr17.pfb></opt/local/sha
re/texmf-texlive/fonts/type1/public/amsfonts/cm/cmsy10.pfb></opt/local/share/te
xmf-texlive/fonts/type1/public/amsfonts/cm/cmtt12.pfb>
Output written on buildNewSystem.pdf (10 pages, 2436086 bytes).
PDF statistics:
 151 PDF objects out of 1000 (max. 8388607)
 131 compressed objects within 2 object streams
 24 named destinations out of 1000 (max. 500000)
 114 words of extra memory for PDF output out of 10000 (max. 10000000)

