Build started 17-Sep-18 21:58:46.
     1>Project "C:\Users\Eric Pereira\Documents\Semester 7\Assembly\Homeworks\Homework 4.2\Project64_VS2015\Project64_VS2015\Project64_VS2015.vcxproj" on node 2 (Build target(s)).
     1>Building with tools version "15.0".
       Project file contains ToolsVersion="14.0". This toolset may be unknown or missing, in which case you may be able to resolve this by installing the appropriate version of MSBuild, or the build may have been forced to a particular ToolsVersion for policy reasons. Treating the project as if it had ToolsVersion="15.0". For more information, please see http://go.microsoft.com/fwlink/?LinkId=293424.
       Target "EnableIntermediateOutputPathMismatchWarning" skipped, due to false condition; ('$(RestoreProjectStyle)' == 'PackageReference') was evaluated as ('' == 'PackageReference').
     1>Target "_CheckForInvalidConfigurationAndPlatform" in file "C:\Program Files (x86)\Microsoft Visual Studio\2017\Community\MSBuild\15.0\Bin\Microsoft.Common.CurrentVersion.targets" from project "C:\Users\Eric Pereira\Documents\Semester 7\Assembly\Homeworks\Homework 4.2\Project64_VS2015\Project64_VS2015\Project64_VS2015.vcxproj" (target "SetTelemetryEnvironmentVariables" depends on it):
       Task "Error" skipped, due to false condition; ( '$(_InvalidConfigurationError)' == 'true' ) was evaluated as ( '' == 'true' ).
       Task "Warning" skipped, due to false condition; ( '$(_InvalidConfigurationWarning)' == 'true' ) was evaluated as ( '' == 'true' ).
       Using "Message" task from assembly "Microsoft.Build.Tasks.Core, Version=15.1.0.0, Culture=neutral, PublicKeyToken=b03f5f7f11d50a3a".
       Task "Message"
         Configuration=Debug
       Done executing task "Message".
       Task "Message"
         Platform=x64
       Done executing task "Message".
       Task "Error" skipped, due to false condition; ('$(OutDir)' != '' and !HasTrailingSlash('$(OutDir)')) was evaluated as ('C:\Users\Eric Pereira\Documents\Semester 7\Assembly\Homeworks\Homework 4.2\Project64_VS2015\Project64_VS2015\x64\Debug\' != '' and !HasTrailingSlash('C:\Users\Eric Pereira\Documents\Semester 7\Assembly\Homeworks\Homework 4.2\Project64_VS2015\Project64_VS2015\x64\Debug\')).
       Task "Error" skipped, due to false condition; ('$(BaseIntermediateOutputPath)' != '' and !HasTrailingSlash('$(BaseIntermediateOutputPath)')) was evaluated as ('obj\' != '' and !HasTrailingSlash('obj\')).
       Task "Error" skipped, due to false condition; ('$(IntermediateOutputPath)' != '' and !HasTrailingSlash('$(IntermediateOutputPath)')) was evaluated as ('x64\Debug\' != '' and !HasTrailingSlash('x64\Debug\')).
       Task "Error" skipped, due to false condition; ( '$(_InitialMSBuildProjectExtensionsPath)' != '' And '$(MSBuildProjectExtensionsPath)' != '$(_InitialMSBuildProjectExtensionsPath)' ) was evaluated as ( 'C:\Users\Eric Pereira\Documents\Semester 7\Assembly\Homeworks\Homework 4.2\Project64_VS2015\Project64_VS2015\obj\' != '' And 'C:\Users\Eric Pereira\Documents\Semester 7\Assembly\Homeworks\Homework 4.2\Project64_VS2015\Project64_VS2015\obj\' != 'C:\Users\Eric Pereira\Documents\Semester 7\Assembly\Homeworks\Homework 4.2\Project64_VS2015\Project64_VS2015\obj\' ).
       Task "Warning" skipped, due to false condition; ( '$(EnableBaseIntermediateOutputPathMismatchWarning)' == 'true' And '$(_InitialBaseIntermediateOutputPath)' != '$(BaseIntermediateOutputPath)' And '$(BaseIntermediateOutputPath)' != '$(MSBuildProjectExtensionsPath)' ) was evaluated as ( '' == 'true' And 'obj\' != 'obj\' And 'obj\' != 'C:\Users\Eric Pereira\Documents\Semester 7\Assembly\Homeworks\Homework 4.2\Project64_VS2015\Project64_VS2015\obj\' ).
     1>Done building target "_CheckForInvalidConfigurationAndPlatform" in project "Project64_VS2015.vcxproj".
       Target "_CheckForInvalidConfigurationAndPlatform" skipped. Previously built successfully.
     1>Target "SetTelemetryEnvironmentVariables" in file "C:\Program Files (x86)\Microsoft Visual Studio\2017\Community\Common7\IDE\VC\VCTargets\Microsoft.Cpp.DesignTime.targets" from project "C:\Users\Eric Pereira\Documents\Semester 7\Assembly\Homeworks\Homework 4.2\Project64_VS2015\Project64_VS2015\Project64_VS2015.vcxproj" (target "Build" depends on it):
       Using "SetEnv" task from assembly "C:\Program Files (x86)\MSBuild\Microsoft.Cpp\v4.0\V140\Microsoft.Build.CppTasks.Common.dll".
       Task "SetEnv"
         VSTEL_SolutionSessionID={7F89B985-1912-4766-9388-729F7192D7B1}
       Done executing task "SetEnv".
       Task "SetEnv"
         VSTEL_CurrentSolutionBuildID=358085656
       Done executing task "SetEnv".
       Task "SetEnv"
         VSTEL_ProjectID={D6E90DB3-C1F6-4832-A283-FA0C2F897436}
       Done executing task "SetEnv".
     1>Done building target "SetTelemetryEnvironmentVariables" in project "Project64_VS2015.vcxproj".
     1>Target "_PrepareForBuild" in file "C:\Program Files (x86)\MSBuild\Microsoft.Cpp\v4.0\V140\Microsoft.BuildSteps.Targets" from project "C:\Users\Eric Pereira\Documents\Semester 7\Assembly\Homeworks\Homework 4.2\Project64_VS2015\Project64_VS2015\Project64_VS2015.vcxproj" (target "Build" depends on it):
       Task "CreateItem" skipped, due to false condition; ('%(CustomBuild.IncludeFileToTool)'!='') was evaluated as (''!='').
     1>Done building target "_PrepareForBuild" in project "Project64_VS2015.vcxproj".
     1>Target "_PrepareForReferenceResolution" in file "C:\Program Files (x86)\MSBuild\Microsoft.Cpp\v4.0\V140\Microsoft.CppBuild.targets" from project "C:\Users\Eric Pereira\Documents\Semester 7\Assembly\Homeworks\Homework 4.2\Project64_VS2015\Project64_VS2015\Project64_VS2015.vcxproj" (target "ResolveReferences" depends on it):
       Task "Message" skipped, due to false condition; ('$(_REFERENCE_DEBUG)'=='true') was evaluated as (''=='true').
     1>Done building target "_PrepareForReferenceResolution" in project "Project64_VS2015.vcxproj".
       Target "ComputeCrtSDKReference" skipped, due to false condition; ('@(ClCompile)'!='' and '$(WindowsAppContainer)'=='true' and '$(UseCrtSDKReference)' != 'false') was evaluated as (''!='' and 'false'=='true' and '' != 'false').
     1>Target "BeforeResolveReferences" in file "C:\Program Files (x86)\Microsoft Visual Studio\2017\Community\MSBuild\15.0\Bin\Microsoft.Common.CurrentVersion.targets" from project "C:\Users\Eric Pereira\Documents\Semester 7\Assembly\Homeworks\Homework 4.2\Project64_VS2015\Project64_VS2015\Project64_VS2015.vcxproj" (target "ResolveReferences" depends on it):
     1>Done building target "BeforeResolveReferences" in project "Project64_VS2015.vcxproj".
     1>Target "AssignProjectConfiguration" in file "C:\Program Files (x86)\Microsoft Visual Studio\2017\Community\MSBuild\15.0\Bin\Microsoft.Common.CurrentVersion.targets" from project "C:\Users\Eric Pereira\Documents\Semester 7\Assembly\Homeworks\Homework 4.2\Project64_VS2015\Project64_VS2015\Project64_VS2015.vcxproj" (target "ResolveReferences" depends on it):
       Using "AssignProjectConfiguration" task from assembly "Microsoft.Build.Tasks.Core, Version=15.1.0.0, Culture=neutral, PublicKeyToken=b03f5f7f11d50a3a".
       Task "AssignProjectConfiguration"
       Done executing task "AssignProjectConfiguration".
     1>Done building target "AssignProjectConfiguration" in project "Project64_VS2015.vcxproj".
       Target "AssignProjectConfiguration" skipped. Previously built successfully.
     1>Target "_SplitProjectReferencesByFileExistence" in file "C:\Program Files (x86)\Microsoft Visual Studio\2017\Community\MSBuild\15.0\Bin\Microsoft.Common.CurrentVersion.targets" from project "C:\Users\Eric Pereira\Documents\Semester 7\Assembly\Homeworks\Homework 4.2\Project64_VS2015\Project64_VS2015\Project64_VS2015.vcxproj" (target "PrepareProjectReferences" depends on it):
       Task "ResolveNonMSBuildProjectOutput" skipped, due to false condition; ('$(BuildingInsideVisualStudio)'=='true' and '@(ProjectReferenceWithConfiguration)'!='') was evaluated as ('true'=='true' and ''!='').
     1>Done building target "_SplitProjectReferencesByFileExistence" in project "Project64_VS2015.vcxproj".
     1>Target "_GetProjectReferenceTargetFrameworkProperties" in file "C:\Program Files (x86)\Microsoft Visual Studio\2017\Community\MSBuild\15.0\Bin\Microsoft.Common.CurrentVersion.targets" from project "C:\Users\Eric Pereira\Documents\Semester 7\Assembly\Homeworks\Homework 4.2\Project64_VS2015\Project64_VS2015\Project64_VS2015.vcxproj" (target "PrepareProjectReferences" depends on it):
       Using "MSBuild" task from assembly "Microsoft.Build.Tasks.Core, Version=15.1.0.0, Culture=neutral, PublicKeyToken=b03f5f7f11d50a3a".
       Task "MSBuild"
       Done executing task "MSBuild".
       Task "GetReferenceNearestTargetFrameworkTask" skipped, due to false condition; ('@(_ProjectReferenceTargetFrameworkPossibilities->Count())' != '0' and '$(ReferringTargetFrameworkForProjectReferences)' != '') was evaluated as ('0' != '0' and '.NETFramework,Version=v4.0' != '').
     1>Done building target "_GetProjectReferenceTargetFrameworkProperties" in project "Project64_VS2015.vcxproj".
     1>Target "PrepareProjectReferences" in file "C:\Program Files (x86)\Microsoft Visual Studio\2017\Community\MSBuild\15.0\Bin\Microsoft.Common.CurrentVersion.targets" from project "C:\Users\Eric Pereira\Documents\Semester 7\Assembly\Homeworks\Homework 4.2\Project64_VS2015\Project64_VS2015\Project64_VS2015.vcxproj" (target "ResolveProjectReferences" depends on it):
     1>Done building target "PrepareProjectReferences" in project "Project64_VS2015.vcxproj".
       Target "_RemoveNameMetadataFromProjectReferenceItems" skipped, due to false condition; ('@(ProjectReference)'!='') was evaluated as (''!='').
     1>Target "ResolveProjectReferences" in file "C:\Program Files (x86)\Microsoft Visual Studio\2017\Community\MSBuild\15.0\Bin\Microsoft.Common.CurrentVersion.targets" from project "C:\Users\Eric Pereira\Documents\Semester 7\Assembly\Homeworks\Homework 4.2\Project64_VS2015\Project64_VS2015\Project64_VS2015.vcxproj" (target "ResolveReferences" depends on it):
       Task "MSBuild" skipped, due to false condition; ('%(_MSBuildProjectReferenceExistent.BuildReference)' == 'true' and '@(ProjectReferenceWithConfiguration)' != '' and ('$(BuildingInsideVisualStudio)' == 'true' or '$(BuildProjectReferences)' != 'true') and '$(VisualStudioVersion)' != '10.0' and '@(_MSBuildProjectReferenceExistent)' != '') was evaluated as ('' == 'true' and '' != '' and ('true' == 'true' or 'true' != 'true') and '15.0' != '10.0' and '' != '').
       Task "MSBuild" skipped, due to false condition; ('%(_MSBuildProjectReferenceExistent.BuildReference)' == 'true' and '@(ProjectReferenceWithConfiguration)' != '' and ('$(BuildingInsideVisualStudio)' == 'true' or '$(BuildProjectReferences)' != 'true') and '$(VisualStudioVersion)' == '10.0' and '@(_MSBuildProjectReferenceExistent)' != '') was evaluated as ('' == 'true' and '' != '' and ('true' == 'true' or 'true' != 'true') and '15.0' == '10.0' and '' != '').
       Task "MSBuild" skipped, due to false condition; ('%(_MSBuildProjectReferenceExistent.BuildReference)' == 'true' and '@(ProjectReferenceWithConfiguration)' != '' and '$(BuildingInsideVisualStudio)' != 'true' and '$(BuildProjectReferences)' == 'true' and '@(_MSBuildProjectReferenceExistent)' != '') was evaluated as ('' == 'true' and '' != '' and 'true' != 'true' and 'true' == 'true' and '' != '').
       Task "MSBuild" skipped, due to false condition; ('%(_MSBuildProjectReferenceExistent.BuildReference)' == 'true' and '@(ProjectReferenceWithConfiguration)' != '' and '$(BuildingProject)' == 'true' and '@(_MSBuildProjectReferenceExistent)' != '') was evaluated as ('' == 'true' and '' != '' and 'true' == 'true' and '' != '').
       Task "Warning" skipped, due to false condition; ('@(ProjectReferenceWithConfiguration)' != '' and '@(_MSBuildProjectReferenceNonexistent)' != '') was evaluated as ('' != '' and '' != '').
     1>Done building target "ResolveProjectReferences" in project "Project64_VS2015.vcxproj".
       Target "FindInvalidProjectReferences" skipped, due to false condition; ('$(FindInvalidProjectReferences)' == 'true') was evaluated as ('' == 'true').
       Target "ResolveNativeReferences" skipped, due to false condition; ('@(NativeReference)'!='') was evaluated as (''!='').
       Target "_PrepareForReferenceResolution" skipped. Previously built successfully.
       Target "ResolveProjectReferences" skipped. Previously built successfully.
       Target "FindInvalidProjectReferences" skipped, due to false condition; ('$(FindInvalidProjectReferences)' == 'true') was evaluated as ('' == 'true').
     1>Target "GetFrameworkPaths" in file "C:\Program Files (x86)\Microsoft Visual Studio\2017\Community\MSBuild\15.0\Bin\Microsoft.NETFramework.CurrentVersion.targets" from project "C:\Users\Eric Pereira\Documents\Semester 7\Assembly\Homeworks\Homework 4.2\Project64_VS2015\Project64_VS2015\Project64_VS2015.vcxproj" (target "ResolveAssemblyReferences" depends on it):
     1>Done building target "GetFrameworkPaths" in project "Project64_VS2015.vcxproj".
       Target "GetWinFXPath" skipped, due to false condition; (('@(Page)' != '' or '@(ApplicationDefinition)' != '' or '@(Resource)' != '') and ('$(GetWinFXNativePath)' != '' or '$(GetWinFXWoWPath)' != '' )) was evaluated as (('' != '' or '' != '' or '' != '') and ('' != '' or '' != '' )).
       Target "GetFrameworkPaths" skipped. Previously built successfully.
     1>Target "GetReferenceAssemblyPaths" in file "C:\Program Files (x86)\Microsoft Visual Studio\2017\Community\MSBuild\15.0\Bin\Microsoft.Common.CurrentVersion.targets" from project "C:\Users\Eric Pereira\Documents\Semester 7\Assembly\Homeworks\Homework 4.2\Project64_VS2015\Project64_VS2015\Project64_VS2015.vcxproj" (target "ResolveAssemblyReferences" depends on it):
       Task "GetReferenceAssemblyPaths" skipped, due to false condition; ('$(TargetFrameworkMoniker)' != '' and ('$(_TargetFrameworkDirectories)' == '' or '$(_FullFrameworkReferenceAssemblyPaths)' == '')) was evaluated as ('' != '' and ('C:\Program Files (x86)\Reference Assemblies\Microsoft\Framework\.NETFramework\v4.0' == '' or 'C:\Program Files (x86)\Reference Assemblies\Microsoft\Framework\.NETFramework\v4.0' == '')).
     1>Done building target "GetReferenceAssemblyPaths" in project "Project64_VS2015.vcxproj".
     1>Target "SetBuildDefaultEnvironmentVariables" in file "C:\Program Files (x86)\MSBuild\Microsoft.Cpp\v4.0\V140\Microsoft.Cpp.Current.targets" from project "C:\Users\Eric Pereira\Documents\Semester 7\Assembly\Homeworks\Homework 4.2\Project64_VS2015\Project64_VS2015\Project64_VS2015.vcxproj" (target "PrepareForBuild" depends on it):
       Task "SetEnv"
         PATH=C:\Program Files (x86)\Microsoft Visual Studio 14.0\VC\bin\x86_amd64;C:\Program Files (x86)\Microsoft Visual Studio 14.0\VC\bin;C:\Program Files (x86)\Windows Kits\8.1\bin\x86;;C:\Program Files (x86)\Microsoft SDKs\Windows\v10.0A\bin\NETFX 4.6.1 Tools;Common7\tools;Common7\ide;C:\Program Files (x86)\HTML Help Workshop;;C:\Program Files (x86)\Microsoft Visual Studio\2017\Community\MSBuild\15.0\Bin;C:\Windows\Microsoft.NET\Framework\v4.0.30319\;;C:\Program Files (x86)\Common Files\Oracle\Java\javapath;C:\Program Files (x86)\Intel\Intel(R) Management Engine Components\iCLS\;C:\Program Files\Intel\Intel(R) Management Engine Components\iCLS\;C:\Windows\system32;C:\Windows;C:\Windows\System32\Wbem;C:\Windows\System32\WindowsPowerShell\v1.0\;C:\Windows\System32\OpenSSH\;C:\Program Files (x86)\Intel\Intel(R) Management Engine Components\DAL;C:\Program Files\Intel\Intel(R) Management Engine Components\DAL;C:\Program Files (x86)\Intel\Intel(R) Management Engine Components\IPT;C:\Program Files\Intel\Intel(R) Management Engine Components\IPT;C:\Program Files\Git\cmd;C:\Program Files\PuTTY\;C:\Program Files\MiKTeX 2.9\miktex\bin\x64\;C:\Users\Eric Pereira\AppData\Local\Microsoft\WindowsApps;C:\Users\Eric Pereira\AppData\Local\Programs\Microsoft VS Code\bin;C:\Program Files\Java\jdk-10.0.2\bin;C:\MinGW\bin;
       Done executing task "SetEnv".
       Task "SetEnv"
         LIB=C:\Program Files (x86)\Microsoft Visual Studio 14.0\VC\lib\amd64;;C:\Program Files (x86)\Microsoft Visual Studio 14.0\VC\atlmfc\lib\amd64;;C:\Program Files (x86)\Windows Kits\10\lib\10.0.10240.0\ucrt\x64;;;C:\Program Files (x86)\Windows Kits\8.1\lib\winv6.3\um\x64;;C:\Program Files (x86)\Windows Kits\NETFXSDK\4.6.1\Lib\um\x64
       Done executing task "SetEnv".
       Task "SetEnv"
         LIBPATH=C:\Program Files (x86)\Microsoft Visual Studio 14.0\VC\atlmfc\lib\amd64;;C:\Program Files (x86)\Microsoft Visual Studio 14.0\VC\lib\amd64;
       Done executing task "SetEnv".
       Task "SetEnv"
         INCLUDE=C:\Program Files (x86)\Microsoft Visual Studio 14.0\VC\include;;C:\Program Files (x86)\Microsoft Visual Studio 14.0\VC\atlmfc\include;;C:\Program Files (x86)\Windows Kits\10\Include\10.0.10240.0\ucrt;;;C:\Program Files (x86)\Windows Kits\8.1\Include\um;C:\Program Files (x86)\Windows Kits\8.1\Include\shared;C:\Program Files (x86)\Windows Kits\8.1\Include\winrt;;
       Done executing task "SetEnv".
     1>Done building target "SetBuildDefaultEnvironmentVariables" in project "Project64_VS2015.vcxproj".
       Target "SetUserMacroEnvironmentVariables" skipped, due to false condition; ('@(BuildMacro)' != '' and '$(DesignTimeBuild)' != 'true') was evaluated as ('' != '' and '' != 'true').
     1>Target "GetResolvedWinMD" in file "C:\Program Files (x86)\MSBuild\Microsoft.Cpp\v4.0\V140\Microsoft.CppBuild.targets" from project "C:\Users\Eric Pereira\Documents\Semester 7\Assembly\Homeworks\Homework 4.2\Project64_VS2015\Project64_VS2015\Project64_VS2015.vcxproj" (target "PrepareForBuild" depends on it):
     1>Done building target "GetResolvedWinMD" in project "Project64_VS2015.vcxproj".
     1>Target "PlatformPrepareForBuild" in file "C:\Program Files (x86)\MSBuild\Microsoft.Cpp\v4.0\V140\Microsoft.Cpp.Platform.targets" from project "C:\Users\Eric Pereira\Documents\Semester 7\Assembly\Homeworks\Homework 4.2\Project64_VS2015\Project64_VS2015\Project64_VS2015.vcxproj" (target "PrepareForBuild" depends on it):
       Task "VCMessage" skipped, due to false condition; ('$(_Error64bitToolsNotInstalled)' == 'true') was evaluated as ('' == 'true').
       Task "VCMessage" skipped, due to false condition; ('$(DesignTimeBuild)'!='true' and '$(_ToolsetFound)' != 'true' and '$(PlatformToolset)' == 'v110') was evaluated as (''!='true' and 'true' != 'true' and 'v140' == 'v110').
       Task "VCMessage" skipped, due to false condition; ('$(DesignTimeBuild)'!='true' and '$(_ToolsetFound)' != 'true' and '$(PlatformToolset)' == 'v100') was evaluated as (''!='true' and 'true' != 'true' and 'v140' == 'v100').
       Task "VCMessage" skipped, due to false condition; ('$(DesignTimeBuild)'!='true' and '$(_ToolsetFound)' != 'true' and '$(PlatformToolset)' == 'v90') was evaluated as (''!='true' and 'true' != 'true' and 'v140' == 'v90').
       Task "VCMessage" skipped, due to false condition; ('$(DesignTimeBuild)'!='true' and '$(_ToolsetFound)' != 'true' and '$(PlatformToolset)' != 'v90' and '$(PlatformToolset)' != 'v100' and '$(PlatformToolset)' != 'v110') was evaluated as (''!='true' and 'true' != 'true' and 'v140' != 'v90' and 'v140' != 'v100' and 'v140' != 'v110').
     1>Done building target "PlatformPrepareForBuild" in project "Project64_VS2015.vcxproj".
     1>Target "Desktop_PlatformPrepareForBuild" in file "C:\Program Files (x86)\MSBuild\Microsoft.Cpp\v4.0\V140\Platforms\x64\PlatformToolsets\v140\Toolset.targets" from project "C:\Users\Eric Pereira\Documents\Semester 7\Assembly\Homeworks\Homework 4.2\Project64_VS2015\Project64_VS2015\Project64_VS2015.vcxproj" (target "PrepareForBuild" depends on it):
       Task "VCMessage" skipped, due to false condition; ($(MissingSDKProps) == 'true') was evaluated as ( == 'true').
     1>Done building target "Desktop_PlatformPrepareForBuild" in project "Project64_VS2015.vcxproj".
       Target "GetFrameworkPaths" skipped. Previously built successfully.
       Target "GetReferenceAssemblyPaths" skipped. Previously built successfully.
       Target "AssignLinkMetadata" skipped, due to false condition; ( '$(SynthesizeLinkMetadata)' == 'true' ) was evaluated as ( '' == 'true' ).
     1>Target "SetCABuildNativeEnvironmentVariables" in file "C:\Program Files (x86)\Microsoft Visual Studio\2017\Community\MSBuild\Microsoft\VisualStudio\v15.0\CodeAnalysis\Microsoft.CodeAnalysis.targets" from project "C:\Users\Eric Pereira\Documents\Semester 7\Assembly\Homeworks\Homework 4.2\Project64_VS2015\Project64_VS2015\Project64_VS2015.vcxproj" (target "PrepareForBuild" depends on it):
       Task "SetEnv"
         CAExcludePath=C:\Program Files (x86)\Windows Kits\10\Include\10.0.10240.0\ucrt;;C:\Program Files (x86)\Windows Kits\8.1\Include\um;C:\Program Files (x86)\Windows Kits\8.1\Include\shared;C:\Program Files (x86)\Windows Kits\8.1\Include\winrt;;
       Done executing task "SetEnv".
     1>Done building target "SetCABuildNativeEnvironmentVariables" in project "Project64_VS2015.vcxproj".
     1>Target "PrepareForBuild" in file "C:\Program Files (x86)\MSBuild\Microsoft.Cpp\v4.0\V140\Microsoft.CppBuild.targets" from project "C:\Users\Eric Pereira\Documents\Semester 7\Assembly\Homeworks\Homework 4.2\Project64_VS2015\Project64_VS2015\Project64_VS2015.vcxproj" (target "ResolveAssemblyReferences" depends on it):
       Task "VCMessage" skipped, due to false condition; ('$(DesignTimeBuild)' != 'true' and '$(ConfigurationPlatformExists)' != 'true') was evaluated as ('' != 'true' and 'true' != 'true').
       Using "MakeDir" task from assembly "Microsoft.Build.Tasks.Core, Version=15.1.0.0, Culture=neutral, PublicKeyToken=b03f5f7f11d50a3a".
       Task "MakeDir"
       Done executing task "MakeDir".
       Task "VCMessage" skipped, due to false condition; ('$(DesignTimeBuild)'!='true' and '$(WindowsAppContainer)'=='true' and '$(ConfigurationType)'!='Application' and '$(ConfigurationType)'!='DynamicLibrary' and '$(ConfigurationType)'!='StaticLibrary') was evaluated as (''!='true' and 'false'=='true' and 'Application'!='Application' and 'Application'!='DynamicLibrary' and 'Application'!='StaticLibrary').
       Task "VCMessage" skipped, due to false condition; ('$(DesignTimeBuild)'!='true' and '$(VCInstallDir)'=='' and '$(UseEnv)' != 'true' and ('$(TargetFrameworkVersion)'=='v3.5' or '$(TargetFrameworkVersion)'=='v3.0' or '$(TargetFrameworkVersion)'=='v2.0' )) was evaluated as (''!='true' and 'C:\Program Files (x86)\Microsoft Visual Studio 14.0\VC\'=='' and '' != 'true' and ('v4.0'=='v3.5' or 'v4.0'=='v3.0' or 'v4.0'=='v2.0' )).
       Task "VCMessage" skipped, due to false condition; ('$(DesignTimeBuild)'!='true' and '$(VCInstallDir)'=='' and '$(UseEnv)' != 'true' and '$(PlatformToolset)'=='v90') was evaluated as (''!='true' and 'C:\Program Files (x86)\Microsoft Visual Studio 14.0\VC\'=='' and '' != 'true' and 'v140'=='v90').
       Task "VCMessage" skipped, due to false condition; ('$(VCInstallDir)'=='' and '$(UseEnv)' != 'true') was evaluated as ('C:\Program Files (x86)\Microsoft Visual Studio 14.0\VC\'=='' and '' != 'true').
       Task "VCMessage" skipped, due to false condition; ('$(WindowsSDKDir)'=='' and '$(UseEnv)' != 'true') was evaluated as ('C:\Program Files (x86)\Windows Kits\8.1\'=='' and '' != 'true').
       Task "VCMessage" skipped, due to false condition; ('$(IntDirTrailingSlashWarning)'=='true') was evaluated as (''=='true').
       Task "VCMessage" skipped, due to false condition; ('$(OutDirTrailingSlashWarning)'=='true') was evaluated as (''=='true').
       Task "VCMessage" skipped, due to false condition; ('%(CompatibilityIssues.Identity)' != '' and '$(DesignTimeBuild)'!='true') was evaluated as ('' != '' and ''!='true').
       Task "VCMessage" skipped, due to false condition; ('$(_MBCS_Using)' == 'true' and '$(_MBCS_Installed)' != 'true' and '$(DesignTimeBuild)' != 'true') was evaluated as ('' == 'true' and '' != 'true' and '' != 'true').
       Task "VCMessage" skipped, due to false condition; ('$(IgnoreWarnIntDirSharingDetected)' != 'true' and '$(IntDirSharingDetected)' == 'true') was evaluated as ('' != 'true' and '' == 'true').
       Task "VCMessage" skipped, due to false condition; ('$(IgnoreWarnIntDirInTempDetected)' != 'true' and ('$(_IntDirFullpath.StartsWith($(Tmp), true, null))' == 'true' or '$(_IntDirFullpath.StartsWith($(Temp), true, null))' == 'true' or '$(_OutDirFullpath.StartsWith($(Tmp), true, null))' == 'true' or '$(_OutDirFullpath.StartsWith($(Temp), true, null))' == 'true')) was evaluated as ('' != 'true' and ('False' == 'true' or 'False' == 'true' or 'False' == 'true' or 'False' == 'true')).
       Task "MakeDir"
       Done executing task "MakeDir".
     1>Done building target "PrepareForBuild" in project "Project64_VS2015.vcxproj".
       Target "_PrepareForReferenceResolution" skipped. Previously built successfully.
       Target "ComputeCrtSDKReference" skipped, due to false condition; ('@(ClCompile)'!='' and '$(WindowsAppContainer)'=='true' and '$(UseCrtSDKReference)' != 'false') was evaluated as (''!='' and 'false'=='true' and '' != 'false').
       Target "GetInstalledSDKLocations" skipped, due to false condition; ('@(SDKReference)' != '') was evaluated as ('' != '').
     1>Target "ResolveSDKReferences" in file "C:\Program Files (x86)\Microsoft Visual Studio\2017\Community\MSBuild\15.0\Bin\Microsoft.Common.CurrentVersion.targets" from project "C:\Users\Eric Pereira\Documents\Semester 7\Assembly\Homeworks\Homework 4.2\Project64_VS2015\Project64_VS2015\Project64_VS2015.vcxproj" (target "ResolveAssemblyReferences" depends on it):
       Task "ResolveSDKReference" skipped, due to false condition; ('@(SDKReference)'!='') was evaluated as (''!='').
     1>Done building target "ResolveSDKReferences" in project "Project64_VS2015.vcxproj".
       Target "ResolveSDKReferences" skipped. Previously built successfully.
     1>Target "ExpandSDKReferences" in file "C:\Program Files (x86)\Microsoft Visual Studio\2017\Community\MSBuild\15.0\Bin\Microsoft.Common.CurrentVersion.targets" from project "C:\Users\Eric Pereira\Documents\Semester 7\Assembly\Homeworks\Homework 4.2\Project64_VS2015\Project64_VS2015\Project64_VS2015.vcxproj" (target "ResolveAssemblyReferences" depends on it):
       Task "GetSDKReferenceFiles" skipped, due to false condition; ('@(ResolvedSDKReference)'!='') was evaluated as (''!='').
     1>Done building target "ExpandSDKReferences" in project "Project64_VS2015.vcxproj".
       Target "ResolveNuGetPackageAssets" skipped, due to false condition; ('$(ResolveNuGetPackages)' == 'true' and exists('$(ProjectLockFile)')) was evaluated as ('true' == 'true' and exists('obj\project.assets.json')).
       Target "ImplicitlyExpandNETStandardFacades" skipped, due to false condition; ('$(ImplicitlyExpandNETStandardFacades)' == 'true') was evaluated as ('' == 'true').
       Target "GetReferenceAssemblyPaths" skipped. Previously built successfully.
       Target "ImplicitlyExpandNETStandardFacades" skipped, due to false condition; ('$(ImplicitlyExpandNETStandardFacades)' == 'true') was evaluated as ('' == 'true').
     1>Target "_HandlePackageFileConflicts" in file "C:\Program Files (x86)\Microsoft Visual Studio\2017\Community\MSBuild\Microsoft\Microsoft.NET.Build.Extensions\Microsoft.NET.Build.Extensions.ConflictResolution.targets" from project "C:\Users\Eric Pereira\Documents\Semester 7\Assembly\Homeworks\Homework 4.2\Project64_VS2015\Project64_VS2015\Project64_VS2015.vcxproj" (target "ResolveAssemblyReferences" depends on it):
       Using "ResolvePackageFileConflicts" task from assembly "C:\Program Files (x86)\Microsoft Visual Studio\2017\Community\MSBuild\Microsoft\Microsoft.NET.Build.Extensions\\tools\net46\Microsoft.NET.Build.Extensions.Tasks.dll".
       Task "ResolvePackageFileConflicts"
       Done executing task "ResolvePackageFileConflicts".
     1>Done building target "_HandlePackageFileConflicts" in project "Project64_VS2015.vcxproj".
     1>Target "ResolveAssemblyReferences" in file "C:\Program Files (x86)\Microsoft Visual Studio\2017\Community\MSBuild\15.0\Bin\Microsoft.Common.CurrentVersion.targets" from project "C:\Users\Eric Pereira\Documents\Semester 7\Assembly\Homeworks\Homework 4.2\Project64_VS2015\Project64_VS2015\Project64_VS2015.vcxproj" (target "ResolveReferences" depends on it):
       Task "ResolveAssemblyReference" skipped, due to false condition; ('@(Reference)'!='' or '@(_ResolvedProjectReferencePaths)'!='' or '@(_ExplicitReference)' != '') was evaluated as (''!='' or ''!='' or '' != '').
     1>Done building target "ResolveAssemblyReferences" in project "Project64_VS2015.vcxproj".
       Target "GenerateBindingRedirects" skipped, due to false condition; ('$(AutoGenerateBindingRedirects)' == 'true' and '$(GenerateBindingRedirectsOutputType)' == 'true') was evaluated as ('' == 'true' and 'true' == 'true').
       Target "_RemoveZipFileSuggestedRedirect" skipped, due to false condition; ('$(_TargetFrameworkVersionWithoutV)' >= '4.7.1' And '$(AllowZipFileRedirect)' != 'true') was evaluated as ('4.0' >= '4.7.1' And '' != 'true').
       Target "GenerateBindingRedirectsUpdateAppConfig" skipped, due to false condition; ('$(AutoGenerateBindingRedirects)' == 'true' and '$(GenerateBindingRedirectsOutputType)' == 'true' and Exists('$(_GenerateBindingRedirectsIntermediateAppConfig)')) was evaluated as ('' == 'true' and 'true' == 'true' and Exists('x64\Debug\Project.exe.config')).
       Target "ResolveComReferences" skipped, due to false condition; ('@(COMReference)'!='' or '@(COMFileReference)'!='') was evaluated as (''!='' or ''!='').
     1>Target "AfterResolveReferences" in file "C:\Program Files (x86)\Microsoft Visual Studio\2017\Community\MSBuild\15.0\Bin\Microsoft.Common.CurrentVersion.targets" from project "C:\Users\Eric Pereira\Documents\Semester 7\Assembly\Homeworks\Homework 4.2\Project64_VS2015\Project64_VS2015\Project64_VS2015.vcxproj" (target "ResolveReferences" depends on it):
     1>Done building target "AfterResolveReferences" in project "Project64_VS2015.vcxproj".
       Target "ImplicitlyExpandDesignTimeFacades" skipped, due to false condition; ('$(ImplicitlyExpandDesignTimeFacades)' == 'true') was evaluated as ('' == 'true').
       Target "ResolveTestReferences" skipped, due to false condition; ('@(Shadow)'!='') was evaluated as (''!='').
     1>Target "ResolveReferences" in file "C:\Program Files (x86)\Microsoft Visual Studio\2017\Community\MSBuild\15.0\Bin\Microsoft.Common.CurrentVersion.targets" from project "C:\Users\Eric Pereira\Documents\Semester 7\Assembly\Homeworks\Homework 4.2\Project64_VS2015\Project64_VS2015\Project64_VS2015.vcxproj" (target "Build" depends on it):
     1>Done building target "ResolveReferences" in project "Project64_VS2015.vcxproj".
       Target "PrepareForBuild" skipped. Previously built successfully.
       Target "PrepareForBuild" skipped. Previously built successfully.
     1>Target "InitializeBuildStatus" in file "C:\Program Files (x86)\MSBuild\Microsoft.Cpp\v4.0\V140\Microsoft.CppBuild.targets" from project "C:\Users\Eric Pereira\Documents\Semester 7\Assembly\Homeworks\Homework 4.2\Project64_VS2015\Project64_VS2015\Project64_VS2015.vcxproj" (target "Build" depends on it):
       Using "ReadLinesFromFile" task from assembly "Microsoft.Build.Tasks.Core, Version=15.1.0.0, Culture=neutral, PublicKeyToken=b03f5f7f11d50a3a".
       Task "ReadLinesFromFile"
       Done executing task "ReadLinesFromFile".
       Using "WriteLinesToFile" task from assembly "Microsoft.Build.Tasks.Core, Version=15.1.0.0, Culture=neutral, PublicKeyToken=b03f5f7f11d50a3a".
       Task "WriteLinesToFile"
       Done executing task "WriteLinesToFile".
       Using "Touch" task from assembly "Microsoft.Build.Tasks.Core, Version=15.1.0.0, Culture=neutral, PublicKeyToken=b03f5f7f11d50a3a".
       Task "Touch"
         Touching "x64\Debug\Project.tlog\unsuccessfulbuild".
       Done executing task "Touch".
     1>Done building target "InitializeBuildStatus" in project "Project64_VS2015.vcxproj".
       Target "PrepareProjectReferences" skipped. Previously built successfully.
     1>Target "BuildGenerateSourcesTraverse" in file "C:\Program Files (x86)\Microsoft Visual Studio\2017\Community\MSBuild\15.0\Bin\Microsoft.Common.CurrentVersion.targets" from project "C:\Users\Eric Pereira\Documents\Semester 7\Assembly\Homeworks\Homework 4.2\Project64_VS2015\Project64_VS2015\Project64_VS2015.vcxproj" (target "BuildGenerateSources" depends on it):
       Task "MSBuild" skipped, due to false condition; ('$(BuildPassReferences)' == 'true' and '@(ProjectReferenceWithConfiguration)' != '' and '@(_MSBuildProjectReferenceExistent)' != '' and '%(_MSBuildProjectReferenceExistent.BuildReference)' == 'true') was evaluated as ('' == 'true' and '' != '' and '' != '' and '' == 'true').
     1>Done building target "BuildGenerateSourcesTraverse" in project "Project64_VS2015.vcxproj".
       Target "PrepareForBuild" skipped. Previously built successfully.
       Target "ResolveReferences" skipped. Previously built successfully.
     1>Target "BeforeBuildGenerateSources" in file "C:\Program Files (x86)\MSBuild\Microsoft.Cpp\v4.0\V140\Microsoft.BuildSteps.Targets" from project "C:\Users\Eric Pereira\Documents\Semester 7\Assembly\Homeworks\Homework 4.2\Project64_VS2015\Project64_VS2015\Project64_VS2015.vcxproj" (target "_BuildGenerateSourcesAction" depends on it):
     1>Done building target "BeforeBuildGenerateSources" in project "Project64_VS2015.vcxproj".
     1>Target "PreBuildEvent" in file "C:\Program Files (x86)\MSBuild\Microsoft.Cpp\v4.0\V140\Microsoft.CppCommon.targets" from project "C:\Users\Eric Pereira\Documents\Semester 7\Assembly\Homeworks\Homework 4.2\Project64_VS2015\Project64_VS2015\Project64_VS2015.vcxproj" (target "_BuildGenerateSourcesAction" depends on it):
       Task "Message" skipped, due to false condition; ('%(PreBuildEvent.Message)' != '' and '%(PreBuildEvent.Command)' != '') was evaluated as ('' != '' and '' != '').
       Task "Exec" skipped, due to false condition; ('%(PreBuildEvent.Command)' != '') was evaluated as ('' != '').
     1>Done building target "PreBuildEvent" in project "Project64_VS2015.vcxproj".
       Target "CustomBuild" skipped, due to false condition; ('@(CustomBuild)' != '') was evaluated as ('' != '').
       Target "FxExport" skipped, due to false condition; ('@(FxCompile)' != '') was evaluated as ('' != '').
       Target "FxCompile" skipped, due to false condition; ('@(FxCompile)' != '') was evaluated as ('' != '').
       Target "_MASM" skipped, due to false condition; ('@(MASM)' != '') was evaluated as ('' != '').
       Target "Xsd" skipped, due to false condition; ('@(Xsd)' != '') was evaluated as ('' != '').
     1>Target "_Xsd" in file "C:\Program Files (x86)\MSBuild\Microsoft.Cpp\v4.0\V140\Microsoft.CppBuild.targets" from project "C:\Users\Eric Pereira\Documents\Semester 7\Assembly\Homeworks\Homework 4.2\Project64_VS2015\Project64_VS2015\Project64_VS2015.vcxproj" (target "_BuildGenerateSourcesAction" depends on it):
     1>Done building target "_Xsd" in project "Project64_VS2015.vcxproj".
     1>Target "MakeDirsForMidl" in file "C:\Program Files (x86)\MSBuild\Microsoft.Cpp\v4.0\V140\Microsoft.CppBuild.targets" from project "C:\Users\Eric Pereira\Documents\Semester 7\Assembly\Homeworks\Homework 4.2\Project64_VS2015\Project64_VS2015\Project64_VS2015.vcxproj" (target "_Midl" depends on it):
       Task "Makedir"
       Done executing task "Makedir".
     1>Done building target "MakeDirsForMidl" in project "Project64_VS2015.vcxproj".
       Target "Midl" skipped, due to false condition; ('@(Midl)' != '') was evaluated as ('' != '').
       Target "CustomBuild" skipped, due to false condition; ('@(CustomBuild)' != '') was evaluated as ('' != '').
       Target "FxExport" skipped, due to false condition; ('@(FxCompile)' != '') was evaluated as ('' != '').
       Target "FxCompile" skipped, due to false condition; ('@(FxCompile)' != '') was evaluated as ('' != '').
       Target "_MASM" skipped, due to false condition; ('@(MASM)' != '') was evaluated as ('' != '').
     1>Target "ComputeMIDLGeneratedCompileInputs" in file "C:\Program Files (x86)\MSBuild\Microsoft.Cpp\v4.0\V140\Microsoft.CppBuild.targets" from project "C:\Users\Eric Pereira\Documents\Semester 7\Assembly\Homeworks\Homework 4.2\Project64_VS2015\Project64_VS2015\Project64_VS2015.vcxproj" (target "_Midl" depends on it):
     1>Done building target "ComputeMIDLGeneratedCompileInputs" in project "Project64_VS2015.vcxproj".
     1>Target "AfterMidl" in file "C:\Program Files (x86)\MSBuild\Microsoft.Cpp\v4.0\V140\Microsoft.CppBuild.targets" from project "C:\Users\Eric Pereira\Documents\Semester 7\Assembly\Homeworks\Homework 4.2\Project64_VS2015\Project64_VS2015\Project64_VS2015.vcxproj" (target "_Midl" depends on it):
     1>Done building target "AfterMidl" in project "Project64_VS2015.vcxproj".
     1>Target "_Midl" in file "C:\Program Files (x86)\MSBuild\Microsoft.Cpp\v4.0\V140\Microsoft.CppBuild.targets" from project "C:\Users\Eric Pereira\Documents\Semester 7\Assembly\Homeworks\Homework 4.2\Project64_VS2015\Project64_VS2015\Project64_VS2015.vcxproj" (target "_BuildGenerateSourcesAction" depends on it):
     1>Done building target "_Midl" in project "Project64_VS2015.vcxproj".
     1>Target "AfterBuildGenerateSources" in file "C:\Program Files (x86)\MSBuild\Microsoft.Cpp\v4.0\V140\Microsoft.BuildSteps.Targets" from project "C:\Users\Eric Pereira\Documents\Semester 7\Assembly\Homeworks\Homework 4.2\Project64_VS2015\Project64_VS2015\Project64_VS2015.vcxproj" (target "_BuildGenerateSourcesAction" depends on it):
     1>Done building target "AfterBuildGenerateSources" in project "Project64_VS2015.vcxproj".
     1>Target "AfterBuildGenerateSourcesEvent" in file "C:\Program Files (x86)\MSBuild\Microsoft.Cpp\v4.0\V140\Microsoft.CppBuild.targets" from project "C:\Users\Eric Pereira\Documents\Semester 7\Assembly\Homeworks\Homework 4.2\Project64_VS2015\Project64_VS2015\Project64_VS2015.vcxproj" (target "_BuildGenerateSourcesAction" depends on it):
     1>Done building target "AfterBuildGenerateSourcesEvent" in project "Project64_VS2015.vcxproj".
     1>Target "_BuildGenerateSourcesAction" in file "C:\Program Files (x86)\MSBuild\Microsoft.Cpp\v4.0\V140\Microsoft.CppBuild.targets" from project "C:\Users\Eric Pereira\Documents\Semester 7\Assembly\Homeworks\Homework 4.2\Project64_VS2015\Project64_VS2015\Project64_VS2015.vcxproj" (target "BuildGenerateSources" depends on it):
     1>Done building target "_BuildGenerateSourcesAction" in project "Project64_VS2015.vcxproj".
     1>Target "BuildGenerateSources" in file "C:\Program Files (x86)\Microsoft Visual Studio\2017\Community\MSBuild\15.0\Bin\Microsoft.Common.CurrentVersion.targets" from project "C:\Users\Eric Pereira\Documents\Semester 7\Assembly\Homeworks\Homework 4.2\Project64_VS2015\Project64_VS2015\Project64_VS2015.vcxproj" (target "Build" depends on it):
     1>Done building target "BuildGenerateSources" in project "Project64_VS2015.vcxproj".
       Target "PrepareProjectReferences" skipped. Previously built successfully.
     1>Target "BuildCompileTraverse" in file "C:\Program Files (x86)\Microsoft Visual Studio\2017\Community\MSBuild\15.0\Bin\Microsoft.Common.CurrentVersion.targets" from project "C:\Users\Eric Pereira\Documents\Semester 7\Assembly\Homeworks\Homework 4.2\Project64_VS2015\Project64_VS2015\Project64_VS2015.vcxproj" (target "BuildCompile" depends on it):
       Task "MSBuild" skipped, due to false condition; ('$(BuildPassReferences)' == 'true' and '@(ProjectReferenceWithConfiguration)' != '' and '@(_MSBuildProjectReferenceExistent)' != ''  and '%(_MSBuildProjectReferenceExistent.BuildReference)' == 'true') was evaluated as ('' == 'true' and '' != '' and '' != ''  and '' == 'true').
     1>Done building target "BuildCompileTraverse" in project "Project64_VS2015.vcxproj".
       Target "PrepareForBuild" skipped. Previously built successfully.
       Target "ResolveReferences" skipped. Previously built successfully.
     1>Target "BeforeClCompile" in file "C:\Program Files (x86)\MSBuild\Microsoft.Cpp\v4.0\V140\Microsoft.CppBuild.targets" from project "C:\Users\Eric Pereira\Documents\Semester 7\Assembly\Homeworks\Homework 4.2\Project64_VS2015\Project64_VS2015\Project64_VS2015.vcxproj" (target "_ClCompile" depends on it):
     1>Done building target "BeforeClCompile" in project "Project64_VS2015.vcxproj".
       Target "ComputeMIDLGeneratedCompileInputs" skipped. Previously built successfully.
     1>Target "ComputeCLInputPDBName" in file "C:\Program Files (x86)\MSBuild\Microsoft.Cpp\v4.0\V140\Microsoft.CppBuild.targets" from project "C:\Users\Eric Pereira\Documents\Semester 7\Assembly\Homeworks\Homework 4.2\Project64_VS2015\Project64_VS2015\Project64_VS2015.vcxproj" (target "_ClCompile" depends on it):
     1>Done building target "ComputeCLInputPDBName" in project "Project64_VS2015.vcxproj".
       Target "ResolveReferences" skipped. Previously built successfully.
     1>Target "ComputeReferenceCLInput" in file "C:\Program Files (x86)\MSBuild\Microsoft.Cpp\v4.0\V140\Microsoft.CppBuild.targets" from project "C:\Users\Eric Pereira\Documents\Semester 7\Assembly\Homeworks\Homework 4.2\Project64_VS2015\Project64_VS2015\Project64_VS2015.vcxproj" (target "_ClCompile" depends on it):
       Task "WriteLinesToFile" skipped, due to false condition; (('@(_ReferenceCopyLocalPaths)'!='') and '$(DesignTimeBuild)' != 'true') was evaluated as ((''!='') and '' != 'true').
       Task "Message" skipped, due to false condition; ('$(_REFERENCE_DEBUG)'=='true') was evaluated as (''=='true').
     1>Done building target "ComputeReferenceCLInput" in project "Project64_VS2015.vcxproj".
     1>Target "WarnCompileDuplicatedFilename" in file "C:\Program Files (x86)\MSBuild\Microsoft.Cpp\v4.0\V140\Microsoft.CppBuild.targets" from project "C:\Users\Eric Pereira\Documents\Semester 7\Assembly\Homeworks\Homework 4.2\Project64_VS2015\Project64_VS2015\Project64_VS2015.vcxproj" (target "_ClCompile" depends on it):
       Task "VCMessage" skipped, due to false condition; ('%(ClCompile.ExcludedFromBuild)' != 'true' and '%(Filename)%(Extension)' != '@(ClCompile->'%(Filename)%(Extension)')' and '%(ObjectFileName)' == '@(ClCompile->Metadata(ObjectFileName)->Distinct())') was evaluated as ('' != 'true' and '' != '' and '' == '').
     1>Done building target "WarnCompileDuplicatedFilename" in project "Project64_VS2015.vcxproj".
       Target "FixupCLCompileOptions" skipped, due to false condition; ('@(ClCompile)' != '') was evaluated as ('' != '').
     1>Target "MakeDirsForCl" in file "C:\Program Files (x86)\MSBuild\Microsoft.Cpp\v4.0\V140\Microsoft.CppBuild.targets" from project "C:\Users\Eric Pereira\Documents\Semester 7\Assembly\Homeworks\Homework 4.2\Project64_VS2015\Project64_VS2015\Project64_VS2015.vcxproj" (target "_ClCompile" depends on it):
       Task "MakeDir"
       Done executing task "MakeDir".
     1>Done building target "MakeDirsForCl" in project "Project64_VS2015.vcxproj".
       Target "ClCompile" skipped, due to false condition; ('@(ClCompile)' != '') was evaluated as ('' != '').
       Target "GenerateTargetFrameworkMonikerAttribute" skipped, due to false condition; ('$(GenerateTargetFrameworkAttribute)' == 'true') was evaluated as ('false' == 'true').
       Target "ManagedIncrementalBuildPreProcessDependencyGraph" skipped, due to false condition; ('@(ClCompile)' != '' and '$(EnableManagedIncrementalBuild)' == 'True') was evaluated as ('' != '' and 'false' == 'True').
       Target "RunSelectedFileNativeCodeAnalysis" skipped, due to false condition; ('$(RunCppAnalysis)'=='true' and '$(SelectedFiles)'!='') was evaluated as ('false'=='true' and ''!='').
       Target "ManagedIncrementalBuildPostProcessDependencyGraph" skipped, due to false condition; ('@(ClCompile)' != '' and '$(EnableManagedIncrementalBuild)' == 'True') was evaluated as ('' != '' and 'false' == 'True').
     1>Target "AfterClCompile" in file "C:\Program Files (x86)\MSBuild\Microsoft.Cpp\v4.0\V140\Microsoft.CppBuild.targets" from project "C:\Users\Eric Pereira\Documents\Semester 7\Assembly\Homeworks\Homework 4.2\Project64_VS2015\Project64_VS2015\Project64_VS2015.vcxproj" (target "_ClCompile" depends on it):
     1>Done building target "AfterClCompile" in project "Project64_VS2015.vcxproj".
     1>Target "_ClCompile" in file "C:\Program Files (x86)\MSBuild\Microsoft.Cpp\v4.0\V140\Microsoft.CppBuild.targets" from project "C:\Users\Eric Pereira\Documents\Semester 7\Assembly\Homeworks\Homework 4.2\Project64_VS2015\Project64_VS2015\Project64_VS2015.vcxproj" (target "_BuildCompileAction" depends on it):
     1>Done building target "_ClCompile" in project "Project64_VS2015.vcxproj".
       Target "_ResGen" skipped, due to false condition; ('@(EmbeddedResource)'!='') was evaluated as (''!='').
     1>Target "BeforeResourceCompile" in file "C:\Program Files (x86)\MSBuild\Microsoft.Cpp\v4.0\V140\Microsoft.CppBuild.targets" from project "C:\Users\Eric Pereira\Documents\Semester 7\Assembly\Homeworks\Homework 4.2\Project64_VS2015\Project64_VS2015\Project64_VS2015.vcxproj" (target "_ResourceCompile" depends on it):
     1>Done building target "BeforeResourceCompile" in project "Project64_VS2015.vcxproj".
     1>Target "MakeDirsForResourceCompile" in file "C:\Program Files (x86)\MSBuild\Microsoft.Cpp\v4.0\V140\Microsoft.CppBuild.targets" from project "C:\Users\Eric Pereira\Documents\Semester 7\Assembly\Homeworks\Homework 4.2\Project64_VS2015\Project64_VS2015\Project64_VS2015.vcxproj" (target "_ResourceCompile" depends on it):
       Task "MakeDir"
       Done executing task "MakeDir".
     1>Done building target "MakeDirsForResourceCompile" in project "Project64_VS2015.vcxproj".
       Target "ResourceCompile" skipped, due to false condition; ('@(ResourceCompile)' != '') was evaluated as ('' != '').
     1>Target "AfterResourceCompile" in file "C:\Program Files (x86)\MSBuild\Microsoft.Cpp\v4.0\V140\Microsoft.CppBuild.targets" from project "C:\Users\Eric Pereira\Documents\Semester 7\Assembly\Homeworks\Homework 4.2\Project64_VS2015\Project64_VS2015\Project64_VS2015.vcxproj" (target "_ResourceCompile" depends on it):
     1>Done building target "AfterResourceCompile" in project "Project64_VS2015.vcxproj".
     1>Target "_ResourceCompile" in file "C:\Program Files (x86)\MSBuild\Microsoft.Cpp\v4.0\V140\Microsoft.CppBuild.targets" from project "C:\Users\Eric Pereira\Documents\Semester 7\Assembly\Homeworks\Homework 4.2\Project64_VS2015\Project64_VS2015\Project64_VS2015.vcxproj" (target "_BuildCompileAction" depends on it):
     1>Done building target "_ResourceCompile" in project "Project64_VS2015.vcxproj".
       Target "_ImpLib" skipped, due to false condition; ('$(ImpLibCompiled)' == 'true') was evaluated as ('' == 'true').
       Target "_Lib" skipped, due to false condition; ('$(LibCompiled)' == 'true') was evaluated as ('' == 'true').
     1>Target "AfterBuildCompileEvent" in file "C:\Program Files (x86)\MSBuild\Microsoft.Cpp\v4.0\V140\Microsoft.CppBuild.targets" from project "C:\Users\Eric Pereira\Documents\Semester 7\Assembly\Homeworks\Homework 4.2\Project64_VS2015\Project64_VS2015\Project64_VS2015.vcxproj" (target "_BuildCompileAction" depends on it):
     1>Done building target "AfterBuildCompileEvent" in project "Project64_VS2015.vcxproj".
     1>Target "_BuildCompileAction" in file "C:\Program Files (x86)\MSBuild\Microsoft.Cpp\v4.0\V140\Microsoft.CppBuild.targets" from project "C:\Users\Eric Pereira\Documents\Semester 7\Assembly\Homeworks\Homework 4.2\Project64_VS2015\Project64_VS2015\Project64_VS2015.vcxproj" (target "BuildCompile" depends on it):
     1>Done building target "_BuildCompileAction" in project "Project64_VS2015.vcxproj".
     1>Target "BuildCompile" in file "C:\Program Files (x86)\Microsoft Visual Studio\2017\Community\MSBuild\15.0\Bin\Microsoft.Common.CurrentVersion.targets" from project "C:\Users\Eric Pereira\Documents\Semester 7\Assembly\Homeworks\Homework 4.2\Project64_VS2015\Project64_VS2015\Project64_VS2015.vcxproj" (target "Build" depends on it):
     1>Done building target "BuildCompile" in project "Project64_VS2015.vcxproj".
       Target "PrepareProjectReferences" skipped. Previously built successfully.
     1>Target "BuildLinkTraverse" in file "C:\Program Files (x86)\Microsoft Visual Studio\2017\Community\MSBuild\15.0\Bin\Microsoft.Common.CurrentVersion.targets" from project "C:\Users\Eric Pereira\Documents\Semester 7\Assembly\Homeworks\Homework 4.2\Project64_VS2015\Project64_VS2015\Project64_VS2015.vcxproj" (target "BuildLink" depends on it):
       Task "MSBuild" skipped, due to false condition; ('$(BuildPassReferences)' == 'true' and '@(ProjectReferenceWithConfiguration)' != '' and '@(_MSBuildProjectReferenceExistent)' != ''  and '%(_MSBuildProjectReferenceExistent.BuildReference)' == 'true') was evaluated as ('' == 'true' and '' != '' and '' != ''  and '' == 'true').
     1>Done building target "BuildLinkTraverse" in project "Project64_VS2015.vcxproj".
       Target "PrepareForBuild" skipped. Previously built successfully.
       Target "ResolveReferences" skipped. Previously built successfully.
     1>Target "ComputeLegacyManifestEmbedding" in file "C:\Program Files (x86)\MSBuild\Microsoft.Cpp\v4.0\V140\Microsoft.CppBuild.targets" from project "C:\Users\Eric Pereira\Documents\Semester 7\Assembly\Homeworks\Homework 4.2\Project64_VS2015\Project64_VS2015\Project64_VS2015.vcxproj" (target "_BuildLinkAction" depends on it):
       Task "VCMessage" skipped, due to false condition; ('$(RevertManifestEmbedding)' == 'true' and '$(_LegacyManifestEmbeddingDebug)' == 'true') was evaluated as ('' == 'true' and '' == 'true').
     1>Done building target "ComputeLegacyManifestEmbedding" in project "Project64_VS2015.vcxproj".
     1>Target "BeforeLink" in file "C:\Program Files (x86)\MSBuild\Microsoft.Cpp\v4.0\V140\Microsoft.CppBuild.targets" from project "C:\Users\Eric Pereira\Documents\Semester 7\Assembly\Homeworks\Homework 4.2\Project64_VS2015\Project64_VS2015\Project64_VS2015.vcxproj" (target "_Link" depends on it):
     1>Done building target "BeforeLink" in project "Project64_VS2015.vcxproj".
     1>Target "ComputeRCOutputs" in file "C:\Program Files (x86)\MSBuild\Microsoft.Cpp\v4.0\V140\Microsoft.CppBuild.targets" from project "C:\Users\Eric Pereira\Documents\Semester 7\Assembly\Homeworks\Homework 4.2\Project64_VS2015\Project64_VS2015\Project64_VS2015.vcxproj" (target "ComputeRCGeneratedLinkInputs" depends on it):
     1>Done building target "ComputeRCOutputs" in project "Project64_VS2015.vcxproj".
     1>Target "ComputeRCGeneratedLinkInputs" in file "C:\Program Files (x86)\MSBuild\Microsoft.Cpp\v4.0\V140\Microsoft.CppBuild.targets" from project "C:\Users\Eric Pereira\Documents\Semester 7\Assembly\Homeworks\Homework 4.2\Project64_VS2015\Project64_VS2015\Project64_VS2015.vcxproj" (target "_Link" depends on it):
     1>Done building target "ComputeRCGeneratedLinkInputs" in project "Project64_VS2015.vcxproj".
     1>Target "ComputeManifestGeneratedLinkerInputs" in file "C:\Program Files (x86)\MSBuild\Microsoft.Cpp\v4.0\V140\Microsoft.CppBuild.targets" from project "C:\Users\Eric Pereira\Documents\Semester 7\Assembly\Homeworks\Homework 4.2\Project64_VS2015\Project64_VS2015\Project64_VS2015.vcxproj" (target "_Link" depends on it):
     1>Done building target "ComputeManifestGeneratedLinkerInputs" in project "Project64_VS2015.vcxproj".
     1>Target "ComputeCustomBuildOutput" in file "C:\Program Files (x86)\MSBuild\Microsoft.Cpp\v4.0\V140\Microsoft.CppBuild.targets" from project "C:\Users\Eric Pereira\Documents\Semester 7\Assembly\Homeworks\Homework 4.2\Project64_VS2015\Project64_VS2015\Project64_VS2015.vcxproj" (target "_Link" depends on it):
       Task "CreateItem" skipped, due to false condition; ('%(CustomBuildDirsToMake.OutputFileToTool)'!='') was evaluated as (''!='').
       Task "MakeDir"
       Done executing task "MakeDir".
     1>Done building target "ComputeCustomBuildOutput" in project "Project64_VS2015.vcxproj".
       Target "ComputeCLOutputs" skipped, due to false condition; ('@(ClCompile)' != '') was evaluated as ('' != '').
     1>Target "ComputeCLGeneratedLinkInputs" in file "C:\Program Files (x86)\MSBuild\Microsoft.Cpp\v4.0\V140\Microsoft.CppBuild.targets" from project "C:\Users\Eric Pereira\Documents\Semester 7\Assembly\Homeworks\Homework 4.2\Project64_VS2015\Project64_VS2015\Project64_VS2015.vcxproj" (target "_Link" depends on it):
     1>Done building target "ComputeCLGeneratedLinkInputs" in project "Project64_VS2015.vcxproj".
     1>Target "ComputeLinkInputsFromProject" in file "C:\Program Files (x86)\MSBuild\Microsoft.Cpp\v4.0\V140\Microsoft.CppBuild.targets" from project "C:\Users\Eric Pereira\Documents\Semester 7\Assembly\Homeworks\Homework 4.2\Project64_VS2015\Project64_VS2015\Project64_VS2015.vcxproj" (target "_Link" depends on it):
     1>Done building target "ComputeLinkInputsFromProject" in project "Project64_VS2015.vcxproj".
       Target "ComputeReferenceLinkInputs" skipped, due to false condition; (@(ProjectReference) != '') was evaluated as ( != '').
       Target "ComputeMASMOutput" skipped, due to false condition; ('@(MASM)' != '') was evaluated as ('' != '').
     1>Target "ComputeManifestInputsTargets" in file "C:\Program Files (x86)\MSBuild\Microsoft.Cpp\v4.0\V140\Microsoft.CppBuild.targets" from project "C:\Users\Eric Pereira\Documents\Semester 7\Assembly\Homeworks\Homework 4.2\Project64_VS2015\Project64_VS2015\Project64_VS2015.vcxproj" (target "_Link" depends on it):
     1>Done building target "ComputeManifestInputsTargets" in project "Project64_VS2015.vcxproj".
       Target "ManifestResourceCompile" skipped, due to false condition; ('$(EmbedManifestBy)' == 'LINK' and '@(Manifest)' != '') was evaluated as ('LINK' == 'LINK' and '' != '').
       Target "AssignWinFXEmbeddedResource" skipped, due to false condition; ('@(WinFXEmbeddedResource)' != '') was evaluated as ('' != '').
     1>Target "AssignTargetPaths" in file "C:\Program Files (x86)\Microsoft Visual Studio\2017\Community\MSBuild\15.0\Bin\Microsoft.Common.CurrentVersion.targets" from project "C:\Users\Eric Pereira\Documents\Semester 7\Assembly\Homeworks\Homework 4.2\Project64_VS2015\Project64_VS2015\Project64_VS2015.vcxproj" (target "PrepareResourceNames" depends on it):
       Using "AssignTargetPath" task from assembly "Microsoft.Build.Tasks.Core, Version=15.1.0.0, Culture=neutral, PublicKeyToken=b03f5f7f11d50a3a".
       Task "AssignTargetPath"
       Done executing task "AssignTargetPath".
       Task "AssignTargetPath"
       Done executing task "AssignTargetPath".
       Task "AssignTargetPath"
       Done executing task "AssignTargetPath".
       Task "AssignTargetPath"
       Done executing task "AssignTargetPath".
       Task "AssignTargetPath" skipped, due to false condition; ('@(_DeploymentBaseManifestWithTargetPath)'=='' and '%(None.Extension)'=='.manifest') was evaluated as (''=='' and ''=='.manifest').
     1>Done building target "AssignTargetPaths" in project "Project64_VS2015.vcxproj".
       Target "AssignTargetPaths" skipped. Previously built successfully.
     1>Target "SplitResourcesByCulture" in file "C:\Program Files (x86)\Microsoft Visual Studio\2017\Community\MSBuild\15.0\Bin\Microsoft.Common.CurrentVersion.targets" from project "C:\Users\Eric Pereira\Documents\Semester 7\Assembly\Homeworks\Homework 4.2\Project64_VS2015\Project64_VS2015\Project64_VS2015.vcxproj" (target "PrepareResourceNames" depends on it):
       Task "Warning" skipped, due to false condition; ('@(ResxWithNoCulture)'!='') was evaluated as (''!='').
       Task "Warning" skipped, due to false condition; ('@(ResxWithCulture)'!='') was evaluated as (''!='').
       Task "Warning" skipped, due to false condition; ('@(NonResxWithCulture)'!='') was evaluated as (''!='').
       Task "Warning" skipped, due to false condition; ('@(NonResxWithNoCulture)'!='') was evaluated as (''!='').
       Using "AssignCulture" task from assembly "Microsoft.Build.Tasks.Core, Version=15.1.0.0, Culture=neutral, PublicKeyToken=b03f5f7f11d50a3a".
       Task "AssignCulture"
       Done executing task "AssignCulture".
     1>Done building target "SplitResourcesByCulture" in project "Project64_VS2015.vcxproj".
       Target "CreateManifestResourceNames" skipped, due to false condition; ('@(EmbeddedResource)' != '') was evaluated as ('' != '').
     1>Target "CreateCustomManifestResourceNames" in file "C:\Program Files (x86)\Microsoft Visual Studio\2017\Community\MSBuild\15.0\Bin\Microsoft.Common.CurrentVersion.targets" from project "C:\Users\Eric Pereira\Documents\Semester 7\Assembly\Homeworks\Homework 4.2\Project64_VS2015\Project64_VS2015\Project64_VS2015.vcxproj" (target "PrepareResourceNames" depends on it):
     1>Done building target "CreateCustomManifestResourceNames" in project "Project64_VS2015.vcxproj".
     1>Target "PrepareResourceNames" in file "C:\Program Files (x86)\Microsoft Visual Studio\2017\Community\MSBuild\15.0\Bin\Microsoft.Common.CurrentVersion.targets" from project "C:\Users\Eric Pereira\Documents\Semester 7\Assembly\Homeworks\Homework 4.2\Project64_VS2015\Project64_VS2015\Project64_VS2015.vcxproj" (target "_Link" depends on it):
     1>Done building target "PrepareResourceNames" in project "Project64_VS2015.vcxproj".
     1>Target "MakeDirsForLink" in file "C:\Program Files (x86)\MSBuild\Microsoft.Cpp\v4.0\V140\Microsoft.CppBuild.targets" from project "C:\Users\Eric Pereira\Documents\Semester 7\Assembly\Homeworks\Homework 4.2\Project64_VS2015\Project64_VS2015\Project64_VS2015.vcxproj" (target "_Link" depends on it):
       Task "MakeDir"
       Done executing task "MakeDir".
     1>Done building target "MakeDirsForLink" in project "Project64_VS2015.vcxproj".
     1>Target "DoLinkOutputFilesMatch" in file "C:\Program Files (x86)\MSBuild\Microsoft.Cpp\v4.0\V140\Microsoft.CppBuild.targets" from project "C:\Users\Eric Pereira\Documents\Semester 7\Assembly\Homeworks\Homework 4.2\Project64_VS2015\Project64_VS2015\Project64_VS2015.vcxproj" (target "_Link" depends on it):
       Task "VCMessage" skipped, due to false condition; ('@(_OutputFileFromLink)' == '') was evaluated as ('C:\Users\Eric Pereira\Documents\Semester 7\Assembly\Homeworks\Homework 4.2\Project64_VS2015\Project64_VS2015\x64\Debug\Project.exe' == '').
       Task "VCMessage" skipped, due to false condition; ('@(_OutputFileFromLink)' != '' and '%(_OutputFileFromLink.FullPath)' != '$([System.IO.Path]::GetFullPath($(TargetPath)))') was evaluated as ('C:\Users\Eric Pereira\Documents\Semester 7\Assembly\Homeworks\Homework 4.2\Project64_VS2015\Project64_VS2015\x64\Debug\Project.exe' != '' and 'C:\Users\Eric Pereira\Documents\Semester 7\Assembly\Homeworks\Homework 4.2\Project64_VS2015\Project64_VS2015\x64\Debug\Project.exe' != 'C:\Users\Eric Pereira\Documents\Semester 7\Assembly\Homeworks\Homework 4.2\Project64_VS2015\Project64_VS2015\x64\Debug\Project.exe').
       Task "VCMessage" skipped, due to false condition; ('@(_OutputFileFromLink)' != '' and '%(_OutputFileFromLink.Extension)' != '' and '%(_OutputFileFromLink.Extension)' != '$(TargetExt)') was evaluated as ('C:\Users\Eric Pereira\Documents\Semester 7\Assembly\Homeworks\Homework 4.2\Project64_VS2015\Project64_VS2015\x64\Debug\Project.exe' != '' and '.exe' != '' and '.exe' != '.exe').
       Task "VCMessage" skipped, due to false condition; ('@(_OutputFileFromLink)' != '' and '%(_OutputFileFromLink.Filename)' != '' and '%(_OutputFileFromLink.Filename)' != '$(TargetName)') was evaluated as ('C:\Users\Eric Pereira\Documents\Semester 7\Assembly\Homeworks\Homework 4.2\Project64_VS2015\Project64_VS2015\x64\Debug\Project.exe' != '' and 'Project' != '' and 'Project' != 'Project').
       Task "VCMessage" skipped, due to false condition; ('%(Link.MinimumRequiredVersion)' != '' and ('%(Link.Subsystem)' == '' or '%(Link.Subsystem)' == 'NotSet')) was evaluated as ('' != '' and ('' == '' or '' == 'NotSet')).
     1>Done building target "DoLinkOutputFilesMatch" in project "Project64_VS2015.vcxproj".
     1>Target "PreLinkEvent" in file "C:\Program Files (x86)\MSBuild\Microsoft.Cpp\v4.0\V140\Microsoft.CppCommon.targets" from project "C:\Users\Eric Pereira\Documents\Semester 7\Assembly\Homeworks\Homework 4.2\Project64_VS2015\Project64_VS2015\Project64_VS2015.vcxproj" (target "_Link" depends on it):
       Task "Message" skipped, due to false condition; ('%(PreLinkEvent.Message)' != '' and '%(PreLinkEvent.Command)' != '') was evaluated as ('' != '' and '' != '').
       Task "Exec" skipped, due to false condition; ('%(PreLinkEvent.Command)' != '') was evaluated as ('' != '').
     1>Done building target "PreLinkEvent" in project "Project64_VS2015.vcxproj".
     1>Target "ComputeLinkSwitches" in file "C:\Program Files (x86)\MSBuild\Microsoft.Cpp\v4.0\V140\Microsoft.CppCommon.targets" from project "C:\Users\Eric Pereira\Documents\Semester 7\Assembly\Homeworks\Homework 4.2\Project64_VS2015\Project64_VS2015\Project64_VS2015.vcxproj" (target "Link" depends on it):
     1>Done building target "ComputeLinkSwitches" in project "Project64_VS2015.vcxproj".
     1>Target "Link" in file "C:\Program Files (x86)\MSBuild\Microsoft.Cpp\v4.0\V140\Microsoft.CppCommon.targets" from project "C:\Users\Eric Pereira\Documents\Semester 7\Assembly\Homeworks\Homework 4.2\Project64_VS2015\Project64_VS2015\Project64_VS2015.vcxproj" (target "_Link" depends on it):
       Using "Link" task from assembly "C:\Program Files (x86)\MSBuild\Microsoft.Cpp\v4.0\V140\Microsoft.Build.CppTasks.Common.dll".
       Task "Link"
         Write Tracking Logs:
         	x64\Debug\Project.tlog\link.write.1.tlog
         	x64\Debug\Project.tlog\link-cvtres.write.1.tlog
         	x64\Debug\Project.tlog\link-cvtres.write.1.tlog
         	x64\Debug\Project.tlog\link-rc.write.1.tlog
         Read Tracking Logs:
         	x64\Debug\Project.tlog\link.read.1.tlog
         	x64\Debug\Project.tlog\link-cvtres.read.1.tlog
         	x64\Debug\Project.tlog\link-cvtres.read.1.tlog
         	x64\Debug\Project.tlog\link-rc.read.1.tlog
         No output for C:\USERS\ERIC PEREIRA\DOCUMENTS\SEMESTER 7\ASSEMBLY\HOMEWORKS\HOMEWORK 4.2\PROJECT64_VS2015\PROJECT64_VS2015\IRVINE64.OBJ was found in the tracking log; source compilation required.
         No dependencies for output C:\USERS\ERIC PEREIRA\DOCUMENTS\SEMESTER 7\ASSEMBLY\HOMEWORKS\HOMEWORK 4.2\PROJECT64_VS2015\PROJECT64_VS2015\IRVINE64.OBJ were found in the tracking log; source compilation required.
         Environment Variables passed to tool:
           VS_UNICODE_OUTPUT=124
         C:\Program Files (x86)\Microsoft Visual Studio 14.0\VC\bin\x86_amd64\link.exe /ERRORREPORT:PROMPT /OUT:"C:\Users\Eric Pereira\Documents\Semester 7\Assembly\Homeworks\Homework 4.2\Project64_VS2015\Project64_VS2015\x64\Debug\Project.exe" /INCREMENTAL /NOLOGO kernel32.lib user32.lib gdi32.lib winspool.lib comdlg32.lib advapi32.lib shell32.lib ole32.lib oleaut32.lib uuid.lib odbc32.lib odbccp32.lib /MANIFEST /MANIFESTUAC:"level='asInvoker' uiAccess='false'" /manifest:embed /DEBUG /PDB:"C:\Users\Eric Pereira\Documents\Semester 7\Assembly\Homeworks\Homework 4.2\Project64_VS2015\Project64_VS2015\x64\Debug\Project.pdb" /LARGEADDRESSAWARE:NO /TLBID:1 /ENTRY:"main" /DYNAMICBASE /NXCOMPAT /IMPLIB:"C:\Users\Eric Pereira\Documents\Semester 7\Assembly\Homeworks\Homework 4.2\Project64_VS2015\Project64_VS2015\x64\Debug\Project.lib" /MACHINE:X64 Irvine64.obj
         Tracking command:
         C:\Program Files (x86)\Microsoft Visual Studio\2017\Community\MSBuild\15.0\Bin\Tracker.exe /a /d "C:\Program Files (x86)\MSBuild\15.0\FileTracker\FileTracker32.dll" /i "C:\Users\Eric Pereira\Documents\Semester 7\Assembly\Homeworks\Homework 4.2\Project64_VS2015\Project64_VS2015\x64\Debug\Project.tlog" /r "C:\USERS\ERIC PEREIRA\DOCUMENTS\SEMESTER 7\ASSEMBLY\HOMEWORKS\HOMEWORK 4.2\PROJECT64_VS2015\PROJECT64_VS2015\IRVINE64.OBJ" /b MSBuildConsole_CancelEventef445afd3e2846c48f93e5d909730a41  /c "C:\Program Files (x86)\Microsoft Visual Studio 14.0\VC\bin\x86_amd64\link.exe"  /ERRORREPORT:PROMPT /OUT:"C:\Users\Eric Pereira\Documents\Semester 7\Assembly\Homeworks\Homework 4.2\Project64_VS2015\Project64_VS2015\x64\Debug\Project.exe" /INCREMENTAL /NOLOGO kernel32.lib user32.lib gdi32.lib winspool.lib comdlg32.lib advapi32.lib shell32.lib ole32.lib oleaut32.lib uuid.lib odbc32.lib odbccp32.lib /MANIFEST /MANIFESTUAC:"level='asInvoker' uiAccess='false'" /manifest:embed /DEBUG /PDB:"C:\Users\Eric Pereira\Documents\Semester 7\Assembly\Homeworks\Homework 4.2\Project64_VS2015\Project64_VS2015\x64\Debug\Project.pdb" /LARGEADDRESSAWARE:NO /TLBID:1 /ENTRY:"main" /DYNAMICBASE /NXCOMPAT /IMPLIB:"C:\Users\Eric Pereira\Documents\Semester 7\Assembly\Homeworks\Homework 4.2\Project64_VS2015\Project64_VS2015\x64\Debug\Project.lib" /MACHINE:X64 Irvine64.obj
     1>LINK : error LNK2001: unresolved external symbol main
     1>C:\Users\Eric Pereira\Documents\Semester 7\Assembly\Homeworks\Homework 4.2\Project64_VS2015\Project64_VS2015\x64\Debug\Project.exe : fatal error LNK1120: 1 unresolved externals
         The command exited with code 1120.
       Done executing task "Link" -- FAILED.
     1>Done building target "Link" in project "Project64_VS2015.vcxproj" -- FAILED.
     1>Done Building Project "C:\Users\Eric Pereira\Documents\Semester 7\Assembly\Homeworks\Homework 4.2\Project64_VS2015\Project64_VS2015\Project64_VS2015.vcxproj" (Build target(s)) -- FAILED.

Build FAILED.

       "C:\Users\Eric Pereira\Documents\Semester 7\Assembly\Homeworks\Homework 4.2\Project64_VS2015\Project64_VS2015\Project64_VS2015.vcxproj" (Build target) (1) ->
       (Link target) -> 
         LINK : error LNK2001: unresolved external symbol main
         C:\Users\Eric Pereira\Documents\Semester 7\Assembly\Homeworks\Homework 4.2\Project64_VS2015\Project64_VS2015\x64\Debug\Project.exe : fatal error LNK1120: 1 unresolved externals

    0 Warning(s)
    2 Error(s)

Time Elapsed 00:00:00.26
